#
# There is insufficient memory for the Java Runtime Environment to continue.
# Native memory allocation (mmap) failed to map 266338304 bytes for G1 virtual space
# Possible reasons:
#   The system is out of physical RAM or swap space
#   The process is running with CompressedOops enabled, and the Java Heap may be blocking the growth of the native heap
# Possible solutions:
#   Reduce memory load on the system
#   Increase physical memory or swap space
#   Check if swap backing store is full
#   Decrease Java heap size (-Xmx/-Xms)
#   Decrease number of Java threads
#   Decrease Java thread stack sizes (-Xss)
#   Set larger code cache with -XX:ReservedCodeCacheSize=
#   JVM is running with Zero Based Compressed Oops mode in which the Java heap is
#     placed in the first 32GB address space. The Java Heap base address is the
#     maximum limit for the native heap growth. Please use -XX:HeapBaseMinAddress
#     to set the Java Heap base and to place the Java Heap above 32GB virtual address.
# This output file may be truncated or incomplete.
#
#  Out of Memory Error (os_windows.cpp:3600), pid=24300, tid=23928
#
# JRE version:  (21.0.2+13) (build )
# Java VM: OpenJDK 64-Bit Server VM (21.0.2+13-58, mixed mode, sharing, tiered, compressed oops, compressed class ptrs, g1 gc, windows-amd64)
# No core dump will be written. Minidumps are not enabled by default on client versions of Windows
#

---------------  S U M M A R Y ------------

Command Line: -Dnet.bytebuddy.agent.attacher.dump= net.bytebuddy.agent.Attacher com.sun.tools.attach.VirtualMachine 16844 C:\Users\maric\.m2\repository\net\bytebuddy\byte-buddy-agent\1.14.11\byte-buddy-agent-1.14.11.jar false 

Host: Intel(R) Core(TM) i7-9750H CPU @ 2.60GHz, 12 cores, 15G,  Windows 10 , 64 bit Build 19041 (10.0.19041.3636)
Time: Mon Feb 19 15:36:02 2024 Hora estándar central (México) elapsed time: 0.008531 seconds (0d 0h 0m 0s)

---------------  T H R E A D  ---------------

Current thread (0x000001f6cead9e30):  JavaThread "Unknown thread" [_thread_in_vm, id=23928, stack(0x000000e43cb00000,0x000000e43cc00000) (1024K)]

Stack: [0x000000e43cb00000,0x000000e43cc00000]
Native frames: (J=compiled Java code, j=interpreted, Vv=VM code, C=native code)
V  [jvm.dll+0x6cade9]
V  [jvm.dll+0x8569c1]
V  [jvm.dll+0x858d2e]
V  [jvm.dll+0x859413]
V  [jvm.dll+0x280e56]
V  [jvm.dll+0x6c74d5]
V  [jvm.dll+0x6bbeca]
V  [jvm.dll+0x355bca]
V  [jvm.dll+0x35d816]
V  [jvm.dll+0x3ae67e]
V  [jvm.dll+0x3ae928]
V  [jvm.dll+0x3295dc]
V  [jvm.dll+0x32a16b]
V  [jvm.dll+0x81efa9]
V  [jvm.dll+0x3bba01]
V  [jvm.dll+0x807928]
V  [jvm.dll+0x44f50e]
V  [jvm.dll+0x450e11]
C  [jli.dll+0x52a3]
C  [ucrtbase.dll+0x21bb2]
C  [KERNEL32.DLL+0x17344]
C  [ntdll.dll+0x526b1]


---------------  P R O C E S S  ---------------

Threads class SMR info:
_java_thread_list=0x00007ff91547bb88, length=0, elements={
}

Java Threads: ( => current thread )
Total: 0

Other Threads:
  0x000001f6cedf3490 WorkerThread "GC Thread#0"                     [id=21960, stack(0x000000e43cc00000,0x000000e43cd00000) (1024K)]
  0x000001f6cee05400 ConcurrentGCThread "G1 Main Marker"            [id=13592, stack(0x000000e43cd00000,0x000000e43ce00000) (1024K)]
  0x000001f6cee066a0 WorkerThread "G1 Conc#0"                       [id=23872, stack(0x000000e43ce00000,0x000000e43cf00000) (1024K)]

[error occurred during error reporting (printing all threads), id 0xc0000005, EXCEPTION_ACCESS_VIOLATION (0xc0000005) at pc=0x00007ff914bec6a7]
VM state: not at safepoint (not fully initialized)

VM Mutex/Monitor currently owned by a thread:  ([mutex/lock_event])
[0x00007ff9154ece68] Heap_lock - owner thread: 0x000001f6cead9e30

Heap address: 0x0000000703000000, size: 4048 MB, Compressed Oops mode: Zero based, Oop shift amount: 3

CDS archive(s) mapped at: [0x0000000000000000-0x0000000000000000-0x0000000000000000), size 0, SharedBaseAddress: 0x0000000800000000, ArchiveRelocationMode: 1.
Narrow klass base: 0x0000000000000000, Narrow klass shift: 0, Narrow klass range: 0x0

GC Precious Log:
 CardTable entry size: 512
 Card Set container configuration: InlinePtr #cards 4 size 8 Array Of Cards #cards 16 size 48 Howl #buckets 8 coarsen threshold 3686 Howl Bitmap #cards 512 size 80 coarsen threshold 460 Card regions per heap region 1 cards per card region 4096

Heap:
 garbage-first heap   total 0K, used 0K [0x0000000703000000, 0x0000000800000000)
  region size 2048K, 0 young (0K), 0 survivors (0K)

[error occurred during error reporting (printing heap information), id 0xc0000005, EXCEPTION_ACCESS_VIOLATION (0xc0000005) at pc=0x00007ff914fd39f9]
GC Heap History (0 events):
No events

Dll operation events (1 events):
Event: 0.005 Loaded shared library C:\Users\maric\.jdks\openjdk-21.0.2\bin\java.dll

Deoptimization events (0 events):
No events

Classes loaded (0 events):
No events

Classes unloaded (0 events):
No events

Classes redefined (0 events):
No events

Internal exceptions (0 events):
No events

ZGC Phase Switch (0 events):
No events

VM Operations (0 events):
No events

Events (0 events):
No events


Dynamic libraries:
0x00007ff7d7da0000 - 0x00007ff7d7dae000 	C:\Users\maric\.jdks\openjdk-21.0.2\bin\java.exe
0x00007ff9c3c30000 - 0x00007ff9c3e28000 	C:\WINDOWS\SYSTEM32\ntdll.dll
0x00007ff98b0c0000 - 0x00007ff98b0d9000 	C:\Program Files\Avast Software\Avast\aswhook.dll
0x00007ff9c2fe0000 - 0x00007ff9c309d000 	C:\WINDOWS\System32\KERNEL32.DLL
0x00007ff9c13f0000 - 0x00007ff9c16e6000 	C:\WINDOWS\System32\KERNELBASE.dll
0x00007ff9c1760000 - 0x00007ff9c1860000 	C:\WINDOWS\System32\ucrtbase.dll
0x00007ff98a080000 - 0x00007ff98a09b000 	C:\Users\maric\.jdks\openjdk-21.0.2\bin\VCRUNTIME140.dll
0x00007ff98a570000 - 0x00007ff98a588000 	C:\Users\maric\.jdks\openjdk-21.0.2\bin\jli.dll
0x00007ff9c38f0000 - 0x00007ff9c3a8e000 	C:\WINDOWS\System32\USER32.dll
0x00007ff9c1ae0000 - 0x00007ff9c1b02000 	C:\WINDOWS\System32\win32u.dll
0x00007ff9a3450000 - 0x00007ff9a36ea000 	C:\WINDOWS\WinSxS\amd64_microsoft.windows.common-controls_6595b64144ccf1df_6.0.19041.3636_none_60b6a03d71f818d5\COMCTL32.dll
0x00007ff9c1ec0000 - 0x00007ff9c1eeb000 	C:\WINDOWS\System32\GDI32.dll
0x00007ff9c3850000 - 0x00007ff9c38ee000 	C:\WINDOWS\System32\msvcrt.dll
0x00007ff9c1860000 - 0x00007ff9c1977000 	C:\WINDOWS\System32\gdi32full.dll
0x00007ff9c1980000 - 0x00007ff9c1a1d000 	C:\WINDOWS\System32\msvcp_win.dll
0x00007ff9c2640000 - 0x00007ff9c2672000 	C:\WINDOWS\System32\IMM32.DLL
0x00007ff98ba60000 - 0x00007ff98ba6c000 	C:\Users\maric\.jdks\openjdk-21.0.2\bin\vcruntime140_1.dll
0x00007ff96dea0000 - 0x00007ff96df2e000 	C:\Users\maric\.jdks\openjdk-21.0.2\bin\msvcp140.dll
0x00007ff9148b0000 - 0x00007ff9155c7000 	C:\Users\maric\.jdks\openjdk-21.0.2\bin\server\jvm.dll
0x00007ff9c2440000 - 0x00007ff9c24f3000 	C:\WINDOWS\System32\ADVAPI32.dll
0x00007ff9c37b0000 - 0x00007ff9c384f000 	C:\WINDOWS\System32\sechost.dll
0x00007ff9c1d30000 - 0x00007ff9c1e56000 	C:\WINDOWS\System32\RPCRT4.dll
0x00007ff9c1ab0000 - 0x00007ff9c1ad7000 	C:\WINDOWS\System32\bcrypt.dll
0x00007ff9c25d0000 - 0x00007ff9c263b000 	C:\WINDOWS\System32\WS2_32.dll
0x00007ff9c0840000 - 0x00007ff9c088b000 	C:\WINDOWS\SYSTEM32\POWRPROF.dll
0x00007ff9abb00000 - 0x00007ff9abb27000 	C:\WINDOWS\SYSTEM32\WINMM.dll
0x00007ff9ba6b0000 - 0x00007ff9ba6ba000 	C:\WINDOWS\SYSTEM32\VERSION.dll
0x00007ff9c0700000 - 0x00007ff9c0712000 	C:\WINDOWS\SYSTEM32\UMPDC.dll
0x00007ff9bfb10000 - 0x00007ff9bfb22000 	C:\WINDOWS\SYSTEM32\kernel.appcore.dll
0x00007ff98a560000 - 0x00007ff98a56a000 	C:\Users\maric\.jdks\openjdk-21.0.2\bin\jimage.dll
0x00007ff9bf080000 - 0x00007ff9bf264000 	C:\WINDOWS\SYSTEM32\DBGHELP.DLL
0x00007ff9ab2d0000 - 0x00007ff9ab304000 	C:\WINDOWS\SYSTEM32\dbgcore.DLL
0x00007ff9c1a20000 - 0x00007ff9c1aa2000 	C:\WINDOWS\System32\bcryptPrimitives.dll
0x00007ff9899a0000 - 0x00007ff9899bf000 	C:\Users\maric\.jdks\openjdk-21.0.2\bin\java.dll

dbghelp: loaded successfully - version: 4.0.5 - missing functions: none
symbol engine: initialized successfully - sym options: 0x614 - pdb path: .;C:\Users\maric\.jdks\openjdk-21.0.2\bin;C:\WINDOWS\SYSTEM32;C:\Program Files\Avast Software\Avast;C:\WINDOWS\WinSxS\amd64_microsoft.windows.common-controls_6595b64144ccf1df_6.0.19041.3636_none_60b6a03d71f818d5;C:\Users\maric\.jdks\openjdk-21.0.2\bin\server

VM Arguments:
jvm_args: -Dnet.bytebuddy.agent.attacher.dump= 
java_command: net.bytebuddy.agent.Attacher com.sun.tools.attach.VirtualMachine 16844 C:\Users\maric\.m2\repository\net\bytebuddy\byte-buddy-agent\1.14.11\byte-buddy-agent-1.14.11.jar false 
java_class_path (initial): C:\Users\maric\.m2\repository\net\bytebuddy\byte-buddy-agent\1.14.11\byte-buddy-agent-1.14.11.jar
Launcher Type: SUN_STANDARD

[Global flags]
     intx CICompilerCount                          = 4                                         {product} {ergonomic}
     uint ConcGCThreads                            = 3                                         {product} {ergonomic}
     uint G1ConcRefinementThreads                  = 10                                        {product} {ergonomic}
   size_t G1HeapRegionSize                         = 2097152                                   {product} {ergonomic}
    uintx GCDrainStackTargetSize                   = 64                                        {product} {ergonomic}
   size_t InitialHeapSize                          = 266338304                                 {product} {ergonomic}
   size_t MarkStackSize                            = 4194304                                   {product} {ergonomic}
   size_t MaxHeapSize                              = 4244635648                                {product} {ergonomic}
   size_t MinHeapDeltaBytes                        = 2097152                                   {product} {ergonomic}
   size_t MinHeapSize                              = 8388608                                   {product} {ergonomic}
    uintx NonNMethodCodeHeapSize                   = 5839372                                {pd product} {ergonomic}
    uintx NonProfiledCodeHeapSize                  = 122909434                              {pd product} {ergonomic}
    uintx ProfiledCodeHeapSize                     = 122909434                              {pd product} {ergonomic}
    uintx ReservedCodeCacheSize                    = 251658240                              {pd product} {ergonomic}
     bool SegmentedCodeCache                       = true                                      {product} {ergonomic}
   size_t SoftMaxHeapSize                          = 4244635648                             {manageable} {ergonomic}
     bool UseCompressedOops                        = true                           {product lp64_product} {ergonomic}
     bool UseG1GC                                  = true                                      {product} {ergonomic}
     bool UseLargePagesIndividualAllocation        = false                                  {pd product} {ergonomic}

Logging:
Log output configuration:
 #0: stdout all=warning uptime,level,tags foldmultilines=false
 #1: stderr all=off uptime,level,tags foldmultilines=false

Environment Variables:
PATH=C:\Program Files\Eclipse Adoptium\jdk-11.0.16.101-hotspot\bin;C:\Program Files\Common Files\Oracle\Java\javapath;C:\windows\system32;C:\windows;C:\windows\System32\Wbem;C:\windows\System32\WindowsPowerShell\v1.0\;C:\windows\System32\OpenSSH\;C:\Program Files (x86)\NVIDIA Corporation\PhysX\Common;C:\Program Files\NVIDIA Corporation\NVIDIA NvDLISR;C:\WINDOWS\system32;C:\WINDOWS;C:\WINDOWS\System32\Wbem;C:\WINDOWS\System32\WindowsPowerShell\v1.0\;C:\WINDOWS\System32\OpenSSH\;C:\Users\cjvas\AppData\Roaming\nvm;C:\Program Files\nodejs;C:\Program Files\Microsoft VS Code\bin;C:\Program Files (x86)\Yarn\bin\;D:\flutter\bin;C:\Program Files\Terraform;C:\wamp64\bin\mysql\mysql5.7.31\bin;C:\Program Files\Git\cmd;C:\Program Files\Git\mingw64\bin;C:\Program Files\Git\usr\bin;C:\Program Files\GitHub CLI\;C:\ProgramData\chocolatey\bin;C:\Program Files\MySQL\MySQL Utilities 1.6\;C:\xampp\php;C:\ProgramData\ComposerSetup\bin;C:\Users\maric\xampp\php;C:\Program Files\nodejs\;C:\Users\maric\AppData\Local\Microsoft\WindowsApps;C:\Users\cjvas\AppData\Roaming\nvm;C:\Program Files\nodejs;C:\Users\maric\AppData\Roaming\Composer\vendor\bin;C:\Users\maric\AppData\Roaming\npm
USERNAME=maric
OS=Windows_NT
PROCESSOR_IDENTIFIER=Intel64 Family 6 Model 158 Stepping 13, GenuineIntel
TMP=C:\Users\maric\AppData\Local\Temp
TEMP=C:\Users\maric\AppData\Local\Temp




Periodic native trim disabled

---------------  S Y S T E M  ---------------

OS:
 Windows 10 , 64 bit Build 19041 (10.0.19041.3636)
OS uptime: 0 days 6:40 hours
Hyper-V role detected

CPU: total 12 (initial active 12) (6 cores per cpu, 2 threads per core) family 6 model 158 stepping 13 microcode 0xde, cx8, cmov, fxsr, ht, mmx, 3dnowpref, sse, sse2, sse3, ssse3, sse4.1, sse4.2, popcnt, lzcnt, tsc, tscinvbit, avx, avx2, aes, erms, clmul, bmi1, bmi2, adx, fma, vzeroupper, clflush, clflushopt, hv, rdtscp, f16c
Processor Information for all 12 processors :
  Max Mhz: 2592, Current Mhz: 2592, Mhz Limit: 2592

Memory: 4k page, system-wide physical 16191M (2531M free)
TotalPageFile size 25176M (AvailPageFile size 9M)
current process WorkingSet (physical memory assigned to process): 10M, peak: 10M
current process commit charge ("private bytes"): 64M, peak: 318M

vm_info: OpenJDK 64-Bit Server VM (21.0.2+13-58) for windows-amd64 JRE (21.0.2+13-58), built on 2024-01-05T18:32:24Z by "mach5one" with MS VC++ 17.1 (VS2022)

END.
