#
# There is insufficient memory for the Java Runtime Environment to continue.
# Native memory allocation (mmap) failed to map 33554432 bytes for G1 virtual space
# Possible reasons:
#   The system is out of physical RAM or swap space
#   The process is running with CompressedOops enabled, and the Java Heap may be blocking the growth of the native heap
# Possible solutions:
#   Reduce memory load on the system
#   Increase physical memory or swap space
#   Check if swap backing store is full
#   Decrease Java heap size (-Xmx/-Xms)
#   Decrease number of Java threads
#   Decrease Java thread stack sizes (-Xss)
#   Set larger code cache with -XX:ReservedCodeCacheSize=
#   JVM is running with Zero Based Compressed Oops mode in which the Java heap is
#     placed in the first 32GB address space. The Java Heap base address is the
#     maximum limit for the native heap growth. Please use -XX:HeapBaseMinAddress
#     to set the Java Heap base and to place the Java Heap above 32GB virtual address.
# This output file may be truncated or incomplete.
#
#  Out of Memory Error (os_windows.cpp:3600), pid=20632, tid=3900
#
# JRE version: OpenJDK Runtime Environment (21.0.2+13) (build 21.0.2+13-58)
# Java VM: OpenJDK 64-Bit Server VM (21.0.2+13-58, mixed mode, sharing, tiered, compressed oops, compressed class ptrs, g1 gc, windows-amd64)
# No core dump will be written. Minidumps are not enabled by default on client versions of Windows
#

---------------  S U M M A R Y ------------

Command Line: -javaagent:C:\Program Files\JetBrains\IntelliJ IDEA Community Edition 2023.3.2\lib\idea_rt.jar=64546:C:\Program Files\JetBrains\IntelliJ IDEA Community Edition 2023.3.2\bin -Dfile.encoding=UTF-8 -Dsun.stdout.encoding=UTF-8 -Dsun.stderr.encoding=UTF-8 com.fleetmanagementapi.FleetManagementApiApplication

Host: Intel(R) Core(TM) i7-9750H CPU @ 2.60GHz, 12 cores, 15G,  Windows 10 , 64 bit Build 19041 (10.0.19041.3636)
Time: Mon Feb 19 15:38:22 2024 Hora estándar central (México) elapsed time: 20.006154 seconds (0d 0h 0m 20s)

---------------  T H R E A D  ---------------

Current thread (0x000001def4678dc0):  VMThread "VM Thread"          [id=3900, stack(0x00000086e1400000,0x00000086e1500000) (1024K)]

Stack: [0x00000086e1400000,0x00000086e1500000]
Native frames: (J=compiled Java code, j=interpreted, Vv=VM code, C=native code)
V  [jvm.dll+0x6cade9]
V  [jvm.dll+0x8569c1]
V  [jvm.dll+0x858d2e]
V  [jvm.dll+0x859413]
V  [jvm.dll+0x280e56]
V  [jvm.dll+0x6c74d5]
V  [jvm.dll+0x6bbeca]
V  [jvm.dll+0x355bca]
V  [jvm.dll+0x35d816]
V  [jvm.dll+0x3ae67e]
V  [jvm.dll+0x3ae928]
V  [jvm.dll+0x3295dc]
V  [jvm.dll+0x329667]
V  [jvm.dll+0x36df1c]
V  [jvm.dll+0x36c71d]
V  [jvm.dll+0x328d51]
V  [jvm.dll+0x36be2a]
V  [jvm.dll+0x85ef18]
V  [jvm.dll+0x860014]
V  [jvm.dll+0x860550]
V  [jvm.dll+0x8607f3]
V  [jvm.dll+0x7ff568]
V  [jvm.dll+0x6c953d]
C  [ucrtbase.dll+0x21bb2]
C  [KERNEL32.DLL+0x17344]
C  [ntdll.dll+0x526b1]

VM_Operation (0x00000086e38f93a0): G1CollectForAllocation, mode: safepoint, requested by thread 0x000001defca5d990


---------------  P R O C E S S  ---------------

Threads class SMR info:
_java_thread_list=0x000001def92931d0, length=34, elements={
0x000001def4696140, 0x000001def4699ea0, 0x000001def469abd0, 0x000001def469daa0,
0x000001def469f9e0, 0x000001def46a4070, 0x000001def46b5f50, 0x000001def46d6610,
0x000001def4663780, 0x000001def4b82420, 0x000001def902c0b0, 0x000001defc77d870,
0x000001defba48c40, 0x000001defc9f8f40, 0x000001defd408b70, 0x000001def49fccc0,
0x000001defca5e020, 0x000001defca5fa60, 0x000001defca5e6b0, 0x000001defca5d300,
0x000001defca5d990, 0x000001defca600f0, 0x000001defca5ed40, 0x000001defca5f3d0,
0x000001defe1b1600, 0x000001defe1ae180, 0x000001defe1b57a0, 0x000001defe1b1c90,
0x000001defe1ae810, 0x000001dec13ba8a0, 0x000001defbb13440, 0x000001defe1aeea0,
0x000001defe1af530, 0x000001defe1b2320
}

Java Threads: ( => current thread )
  0x000001def4696140 JavaThread "Reference Handler"          daemon [_thread_blocked, id=24448, stack(0x00000086e1500000,0x00000086e1600000) (1024K)]
  0x000001def4699ea0 JavaThread "Finalizer"                  daemon [_thread_blocked, id=3716, stack(0x00000086e1600000,0x00000086e1700000) (1024K)]
  0x000001def469abd0 JavaThread "Signal Dispatcher"          daemon [_thread_blocked, id=23572, stack(0x00000086e1700000,0x00000086e1800000) (1024K)]
  0x000001def469daa0 JavaThread "Attach Listener"            daemon [_thread_blocked, id=20820, stack(0x00000086e1800000,0x00000086e1900000) (1024K)]
  0x000001def469f9e0 JavaThread "Service Thread"             daemon [_thread_blocked, id=616, stack(0x00000086e1900000,0x00000086e1a00000) (1024K)]
  0x000001def46a4070 JavaThread "Monitor Deflation Thread"   daemon [_thread_blocked, id=10260, stack(0x00000086e1a00000,0x00000086e1b00000) (1024K)]
  0x000001def46b5f50 JavaThread "C2 CompilerThread0"         daemon [_thread_blocked, id=15420, stack(0x00000086e1b00000,0x00000086e1c00000) (1024K)]
  0x000001def46d6610 JavaThread "C1 CompilerThread0"         daemon [_thread_blocked, id=24212, stack(0x00000086e1c00000,0x00000086e1d00000) (1024K)]
  0x000001def4663780 JavaThread "Common-Cleaner"             daemon [_thread_blocked, id=19072, stack(0x00000086e1d00000,0x00000086e1e00000) (1024K)]
  0x000001def4b82420 JavaThread "Monitor Ctrl-Break"         daemon [_thread_in_native, id=21004, stack(0x00000086e1f00000,0x00000086e2000000) (1024K)]
  0x000001def902c0b0 JavaThread "Notification Thread"        daemon [_thread_blocked, id=18676, stack(0x00000086e2000000,0x00000086e2100000) (1024K)]
  0x000001defc77d870 JavaThread "Catalina-utility-1"                [_thread_blocked, id=24272, stack(0x00000086e2d00000,0x00000086e2e00000) (1024K)]
  0x000001defba48c40 JavaThread "Catalina-utility-2"                [_thread_blocked, id=9100, stack(0x00000086e2e00000,0x00000086e2f00000) (1024K)]
  0x000001defc9f8f40 JavaThread "container-0"                       [_thread_blocked, id=3544, stack(0x00000086e2f00000,0x00000086e3000000) (1024K)]
  0x000001defd408b70 JavaThread "PostgreSQL-JDBC-Cleaner"    daemon [_thread_blocked, id=20644, stack(0x00000086e1e00000,0x00000086e1f00000) (1024K)]
  0x000001def49fccc0 JavaThread "HikariPool-1 housekeeper"   daemon [_thread_blocked, id=15592, stack(0x00000086e2600000,0x00000086e2700000) (1024K)]
  0x000001defca5e020 JavaThread "http-nio-8080-exec-1"       daemon [_thread_blocked, id=6536, stack(0x00000086e3400000,0x00000086e3500000) (1024K)]
  0x000001defca5fa60 JavaThread "http-nio-8080-exec-2"       daemon [_thread_blocked, id=10588, stack(0x00000086e3500000,0x00000086e3600000) (1024K)]
  0x000001defca5e6b0 JavaThread "http-nio-8080-exec-3"       daemon [_thread_blocked, id=16652, stack(0x00000086e3600000,0x00000086e3700000) (1024K)]
  0x000001defca5d300 JavaThread "http-nio-8080-exec-4"       daemon [_thread_blocked, id=6332, stack(0x00000086e3700000,0x00000086e3800000) (1024K)]
  0x000001defca5d990 JavaThread "http-nio-8080-exec-5"       daemon [_thread_blocked, id=11440, stack(0x00000086e3800000,0x00000086e3900000) (1024K)]
  0x000001defca600f0 JavaThread "http-nio-8080-exec-6"       daemon [_thread_blocked, id=18412, stack(0x00000086e3900000,0x00000086e3a00000) (1024K)]
  0x000001defca5ed40 JavaThread "http-nio-8080-exec-7"       daemon [_thread_blocked, id=12948, stack(0x00000086e3a00000,0x00000086e3b00000) (1024K)]
  0x000001defca5f3d0 JavaThread "http-nio-8080-exec-8"       daemon [_thread_blocked, id=14872, stack(0x00000086e3b00000,0x00000086e3c00000) (1024K)]
  0x000001defe1b1600 JavaThread "http-nio-8080-exec-9"       daemon [_thread_blocked, id=21548, stack(0x00000086e3c00000,0x00000086e3d00000) (1024K)]
  0x000001defe1ae180 JavaThread "http-nio-8080-exec-10"      daemon [_thread_blocked, id=22492, stack(0x00000086e3d00000,0x00000086e3e00000) (1024K)]
  0x000001defe1b57a0 JavaThread "http-nio-8080-Poller"       daemon [_thread_in_native, id=19068, stack(0x00000086e3e00000,0x00000086e3f00000) (1024K)]
  0x000001defe1b1c90 JavaThread "http-nio-8080-Acceptor"     daemon [_thread_in_native, id=22408, stack(0x00000086e3f00000,0x00000086e4000000) (1024K)]
  0x000001defe1ae810 JavaThread "DestroyJavaVM"                     [_thread_blocked, id=24316, stack(0x00000086e0d00000,0x00000086e0e00000) (1024K)]
  0x000001dec13ba8a0 JavaThread "C2 CompilerThread1"         daemon [_thread_blocked, id=8552, stack(0x00000086e3100000,0x00000086e3200000) (1024K)]
  0x000001defbb13440 JavaThread "C2 CompilerThread2"         daemon [_thread_blocked, id=21316, stack(0x00000086e3200000,0x00000086e3300000) (1024K)]
  0x000001defe1aeea0 JavaThread "ForkJoinPool.commonPool-worker-1" daemon [_thread_blocked, id=6500, stack(0x00000086e3300000,0x00000086e3400000) (1024K)]
  0x000001defe1af530 JavaThread "ForkJoinPool.commonPool-worker-2" daemon [_thread_blocked, id=12532, stack(0x00000086e4000000,0x00000086e4100000) (1024K)]
  0x000001defe1b2320 JavaThread "ForkJoinPool.commonPool-worker-3" daemon [_thread_blocked, id=4820, stack(0x00000086e4100000,0x00000086e4200000) (1024K)]
Total: 34

Other Threads:
=>0x000001def4678dc0 VMThread "VM Thread"                           [id=3900, stack(0x00000086e1400000,0x00000086e1500000) (1024K)]
  0x000001def4662330 WatcherThread "VM Periodic Task Thread"        [id=624, stack(0x00000086e1300000,0x00000086e1400000) (1024K)]
  0x000001ded3244dc0 WorkerThread "GC Thread#0"                     [id=21416, stack(0x00000086e0e00000,0x00000086e0f00000) (1024K)]
  0x000001def9708420 WorkerThread "GC Thread#1"                     [id=19116, stack(0x00000086e2100000,0x00000086e2200000) (1024K)]
  0x000001def98a5340 WorkerThread "GC Thread#2"                     [id=21232, stack(0x00000086e2200000,0x00000086e2300000) (1024K)]
  0x000001def988a460 WorkerThread "GC Thread#3"                     [id=23120, stack(0x00000086e2300000,0x00000086e2400000) (1024K)]
  0x000001def988ae10 WorkerThread "GC Thread#4"                     [id=18452, stack(0x00000086e2400000,0x00000086e2500000) (1024K)]
  0x000001def988b1b0 WorkerThread "GC Thread#5"                     [id=23240, stack(0x00000086e2500000,0x00000086e2600000) (1024K)]
  0x000001def9d1fb00 WorkerThread "GC Thread#6"                     [id=13444, stack(0x00000086e2800000,0x00000086e2900000) (1024K)]
  0x000001def9d0bad0 WorkerThread "GC Thread#7"                     [id=16536, stack(0x00000086e2900000,0x00000086e2a00000) (1024K)]
  0x000001def9d71140 WorkerThread "GC Thread#8"                     [id=11328, stack(0x00000086e2a00000,0x00000086e2b00000) (1024K)]
  0x000001def9d6f7e0 WorkerThread "GC Thread#9"                     [id=23128, stack(0x00000086e2b00000,0x00000086e2c00000) (1024K)]
  0x000001ded3255d20 ConcurrentGCThread "G1 Main Marker"            [id=11252, stack(0x00000086e0f00000,0x00000086e1000000) (1024K)]
  0x000001ded3256fd0 WorkerThread "G1 Conc#0"                       [id=1736, stack(0x00000086e1000000,0x00000086e1100000) (1024K)]
  0x000001def9d702c0 WorkerThread "G1 Conc#1"                       [id=21572, stack(0x00000086e2700000,0x00000086e2800000) (1024K)]
  0x000001def9f17100 WorkerThread "G1 Conc#2"                       [id=23880, stack(0x00000086e2c00000,0x00000086e2d00000) (1024K)]
  0x000001def4532d90 ConcurrentGCThread "G1 Refine#0"               [id=15228, stack(0x00000086e1100000,0x00000086e1200000) (1024K)]
  0x000001def4533900 ConcurrentGCThread "G1 Service"                [id=4420, stack(0x00000086e1200000,0x00000086e1300000) (1024K)]
Total: 18

Threads with active compile tasks:
C2 CompilerThread0    20027 6879       4       sun.reflect.generics.parser.SignatureParser::parseFieldTypeSignature (73 bytes)
C1 CompilerThread0    20027 6889       3       com.fasterxml.jackson.databind.introspect.AnnotatedFieldCollector$FieldBuilder::<init> (22 bytes)
Total: 2

VM state: at safepoint (normal execution)

VM Mutex/Monitor currently owned by a thread:  ([mutex/lock_event])
[0x00007ff9154ecd68] Threads_lock - owner thread: 0x000001def4678dc0
[0x00007ff9154ece68] Heap_lock - owner thread: 0x000001defca5d990

Heap address: 0x0000000703000000, size: 4048 MB, Compressed Oops mode: Zero based, Oop shift amount: 3

CDS archive(s) mapped at: [0x000001de80000000-0x000001de80c90000-0x000001de80c90000), size 13172736, SharedBaseAddress: 0x000001de80000000, ArchiveRelocationMode: 1.
Compressed class space mapped at: 0x000001de81000000-0x000001dec1000000, reserved size: 1073741824
Narrow klass base: 0x000001de80000000, Narrow klass shift: 0, Narrow klass range: 0x100000000

GC Precious Log:
 CardTable entry size: 512
 Card Set container configuration: InlinePtr #cards 4 size 8 Array Of Cards #cards 16 size 48 Howl #buckets 8 coarsen threshold 3686 Howl Bitmap #cards 512 size 80 coarsen threshold 460 Card regions per heap region 1 cards per card region 4096
 CPUs: 12 total, 12 available
 Memory: 16191M
 Large Page Support: Disabled
 NUMA Support: Disabled
 Compressed Oops: Enabled (Zero based)
 Heap Region Size: 2M
 Heap Min Capacity: 8M
 Heap Initial Capacity: 254M
 Heap Max Capacity: 4048M
 Pre-touch: Disabled
 Parallel Workers: 10
 Concurrent Workers: 3
 Concurrent Refinement Workers: 10
 Periodic GC: Disabled

Heap:
 garbage-first heap   total 212992K, used 64904K [0x0000000703000000, 0x0000000800000000)
  region size 2048K, 2 young (4096K), 2 survivors (4096K)
 Metaspace       used 70312K, committed 71104K, reserved 1114112K
  class space    used 9292K, committed 9664K, reserved 1048576K

Heap Regions: E=young(eden), S=young(survivor), O=old, HS=humongous(starts), HC=humongous(continues), CS=collection set, F=free, TAMS=top-at-mark-start, PB=parsable bottom
|   0|0x0000000703000000, 0x0000000703200000, 0x0000000703200000|100%| O|  |TAMS 0x0000000703000000| PB 0x0000000703000000| Untracked 
|   1|0x0000000703200000, 0x0000000703400000, 0x0000000703400000|100%| O|  |TAMS 0x0000000703200000| PB 0x0000000703200000| Untracked 
|   2|0x0000000703400000, 0x0000000703600000, 0x0000000703600000|100%| O|  |TAMS 0x0000000703400000| PB 0x0000000703400000| Untracked 
|   3|0x0000000703600000, 0x0000000703800000, 0x0000000703800000|100%| O|  |TAMS 0x0000000703600000| PB 0x0000000703600000| Untracked 
|   4|0x0000000703800000, 0x0000000703a00000, 0x0000000703a00000|100%| O|  |TAMS 0x0000000703800000| PB 0x0000000703800000| Untracked 
|   5|0x0000000703a00000, 0x0000000703c00000, 0x0000000703c00000|100%| O|  |TAMS 0x0000000703a00000| PB 0x0000000703a00000| Untracked 
|   6|0x0000000703c00000, 0x0000000703e00000, 0x0000000703e00000|100%| O|  |TAMS 0x0000000703c00000| PB 0x0000000703c00000| Untracked 
|   7|0x0000000703e00000, 0x0000000704000000, 0x0000000704000000|100%| O|  |TAMS 0x0000000703e00000| PB 0x0000000703e00000| Untracked 
|   8|0x0000000704000000, 0x0000000704200000, 0x0000000704200000|100%| O|  |TAMS 0x0000000704000000| PB 0x0000000704000000| Untracked 
|   9|0x0000000704200000, 0x0000000704400000, 0x0000000704400000|100%| O|  |TAMS 0x0000000704200000| PB 0x0000000704200000| Untracked 
|  10|0x0000000704400000, 0x0000000704400000, 0x0000000704600000|  0%| F|  |TAMS 0x0000000704400000| PB 0x0000000704400000| Untracked 
|  11|0x0000000704600000, 0x0000000704800000, 0x0000000704800000|100%| O|  |TAMS 0x0000000704600000| PB 0x0000000704600000| Untracked 
|  12|0x0000000704800000, 0x0000000704a00000, 0x0000000704a00000|100%| O|  |TAMS 0x0000000704800000| PB 0x0000000704800000| Untracked 
|  13|0x0000000704a00000, 0x0000000704c00000, 0x0000000704c00000|100%| O|  |TAMS 0x0000000704a00000| PB 0x0000000704a00000| Untracked 
|  14|0x0000000704c00000, 0x0000000704c00000, 0x0000000704e00000|  0%| F|  |TAMS 0x0000000704c00000| PB 0x0000000704c00000| Untracked 
|  15|0x0000000704e00000, 0x0000000705000000, 0x0000000705000000|100%| O|  |TAMS 0x0000000704e00000| PB 0x0000000704e00000| Untracked 
|  16|0x0000000705000000, 0x0000000705200000, 0x0000000705200000|100%| O|  |TAMS 0x0000000705000000| PB 0x0000000705000000| Untracked 
|  17|0x0000000705200000, 0x0000000705400000, 0x0000000705400000|100%| O|  |TAMS 0x0000000705200000| PB 0x0000000705200000| Untracked 
|  18|0x0000000705400000, 0x0000000705600000, 0x0000000705600000|100%| O|  |TAMS 0x0000000705400000| PB 0x0000000705400000| Untracked 
|  19|0x0000000705600000, 0x0000000705600000, 0x0000000705800000|  0%| F|  |TAMS 0x0000000705600000| PB 0x0000000705600000| Untracked 
|  20|0x0000000705800000, 0x0000000705a00000, 0x0000000705a00000|100%| O|  |TAMS 0x0000000705800000| PB 0x0000000705800000| Untracked 
|  21|0x0000000705a00000, 0x0000000705c00000, 0x0000000705c00000|100%| O|  |TAMS 0x0000000705a00000| PB 0x0000000705a00000| Untracked 
|  22|0x0000000705c00000, 0x0000000705e00000, 0x0000000705e00000|100%| O|  |TAMS 0x0000000705c00000| PB 0x0000000705c00000| Untracked 
|  23|0x0000000705e00000, 0x0000000706000000, 0x0000000706000000|100%| O|  |TAMS 0x0000000705e00000| PB 0x0000000705e00000| Untracked 
|  24|0x0000000706000000, 0x0000000706200000, 0x0000000706200000|100%| O|  |TAMS 0x0000000706000000| PB 0x0000000706000000| Untracked 
|  25|0x0000000706200000, 0x0000000706400000, 0x0000000706400000|100%| O|  |TAMS 0x0000000706200000| PB 0x0000000706200000| Untracked 
|  26|0x0000000706400000, 0x0000000706600000, 0x0000000706600000|100%| O|  |TAMS 0x0000000706400000| PB 0x0000000706400000| Untracked 
|  27|0x0000000706600000, 0x0000000706800000, 0x0000000706800000|100%| O|  |TAMS 0x0000000706600000| PB 0x0000000706600000| Untracked 
|  28|0x0000000706800000, 0x0000000706a00000, 0x0000000706a00000|100%| O|  |TAMS 0x0000000706800000| PB 0x0000000706800000| Untracked 
|  29|0x0000000706a00000, 0x0000000706c00000, 0x0000000706c00000|100%| O|  |TAMS 0x0000000706a00000| PB 0x0000000706a00000| Untracked 
|  30|0x0000000706c00000, 0x0000000706e00000, 0x0000000706e00000|100%| O|  |TAMS 0x0000000706c00000| PB 0x0000000706c00000| Untracked 
|  31|0x0000000706e00000, 0x0000000707000000, 0x0000000707000000|100%| O|  |TAMS 0x0000000706e00000| PB 0x0000000706e00000| Untracked 
|  32|0x0000000707000000, 0x00000007071c1e20, 0x0000000707200000| 87%| O|  |TAMS 0x0000000707000000| PB 0x0000000707000000| Untracked 
|  33|0x0000000707200000, 0x0000000707200000, 0x0000000707400000|  0%| F|  |TAMS 0x0000000707200000| PB 0x0000000707200000| Untracked 
|  34|0x0000000707400000, 0x0000000707400000, 0x0000000707600000|  0%| F|  |TAMS 0x0000000707400000| PB 0x0000000707400000| Untracked 
|  35|0x0000000707600000, 0x0000000707600000, 0x0000000707800000|  0%| F|  |TAMS 0x0000000707600000| PB 0x0000000707600000| Untracked 
|  36|0x0000000707800000, 0x0000000707800000, 0x0000000707a00000|  0%| F|  |TAMS 0x0000000707800000| PB 0x0000000707800000| Untracked 
|  37|0x0000000707a00000, 0x0000000707a00000, 0x0000000707c00000|  0%| F|  |TAMS 0x0000000707a00000| PB 0x0000000707a00000| Untracked 
|  38|0x0000000707c00000, 0x0000000707c00000, 0x0000000707e00000|  0%| F|  |TAMS 0x0000000707c00000| PB 0x0000000707c00000| Untracked 
|  39|0x0000000707e00000, 0x0000000707fa0300, 0x0000000708000000| 81%| S|CS|TAMS 0x0000000707e00000| PB 0x0000000707e00000| Complete 
|  40|0x0000000708000000, 0x0000000708200000, 0x0000000708200000|100%| S|CS|TAMS 0x0000000708000000| PB 0x0000000708000000| Complete 
|  41|0x0000000708200000, 0x0000000708200000, 0x0000000708400000|  0%| F|  |TAMS 0x0000000708200000| PB 0x0000000708200000| Untracked 
|  42|0x0000000708400000, 0x0000000708400000, 0x0000000708600000|  0%| F|  |TAMS 0x0000000708400000| PB 0x0000000708400000| Untracked 
|  43|0x0000000708600000, 0x0000000708600000, 0x0000000708800000|  0%| F|  |TAMS 0x0000000708600000| PB 0x0000000708600000| Untracked 
|  44|0x0000000708800000, 0x0000000708800000, 0x0000000708a00000|  0%| F|  |TAMS 0x0000000708800000| PB 0x0000000708800000| Untracked 
|  45|0x0000000708a00000, 0x0000000708a00000, 0x0000000708c00000|  0%| F|  |TAMS 0x0000000708a00000| PB 0x0000000708a00000| Untracked 
|  46|0x0000000708c00000, 0x0000000708c00000, 0x0000000708e00000|  0%| F|  |TAMS 0x0000000708c00000| PB 0x0000000708c00000| Untracked 
|  47|0x0000000708e00000, 0x0000000708e00000, 0x0000000709000000|  0%| F|  |TAMS 0x0000000708e00000| PB 0x0000000708e00000| Untracked 
|  48|0x0000000709000000, 0x0000000709000000, 0x0000000709200000|  0%| F|  |TAMS 0x0000000709000000| PB 0x0000000709000000| Untracked 
|  49|0x0000000709200000, 0x0000000709200000, 0x0000000709400000|  0%| F|  |TAMS 0x0000000709200000| PB 0x0000000709200000| Untracked 
|  50|0x0000000709400000, 0x0000000709400000, 0x0000000709600000|  0%| F|  |TAMS 0x0000000709400000| PB 0x0000000709400000| Untracked 
|  51|0x0000000709600000, 0x0000000709600000, 0x0000000709800000|  0%| F|  |TAMS 0x0000000709600000| PB 0x0000000709600000| Untracked 
|  52|0x0000000709800000, 0x0000000709800000, 0x0000000709a00000|  0%| F|  |TAMS 0x0000000709800000| PB 0x0000000709800000| Untracked 
|  53|0x0000000709a00000, 0x0000000709a00000, 0x0000000709c00000|  0%| F|  |TAMS 0x0000000709a00000| PB 0x0000000709a00000| Untracked 
|  54|0x0000000709c00000, 0x0000000709c00000, 0x0000000709e00000|  0%| F|  |TAMS 0x0000000709c00000| PB 0x0000000709c00000| Untracked 
|  55|0x0000000709e00000, 0x0000000709e00000, 0x000000070a000000|  0%| F|  |TAMS 0x0000000709e00000| PB 0x0000000709e00000| Untracked 
|  56|0x000000070a000000, 0x000000070a000000, 0x000000070a200000|  0%| F|  |TAMS 0x000000070a000000| PB 0x000000070a000000| Untracked 
|  57|0x000000070a200000, 0x000000070a200000, 0x000000070a400000|  0%| F|  |TAMS 0x000000070a200000| PB 0x000000070a200000| Untracked 
|  58|0x000000070a400000, 0x000000070a400000, 0x000000070a600000|  0%| F|  |TAMS 0x000000070a400000| PB 0x000000070a400000| Untracked 
|  59|0x000000070a600000, 0x000000070a600000, 0x000000070a800000|  0%| F|  |TAMS 0x000000070a600000| PB 0x000000070a600000| Untracked 
|  60|0x000000070a800000, 0x000000070a800000, 0x000000070aa00000|  0%| F|  |TAMS 0x000000070a800000| PB 0x000000070a800000| Untracked 
|  61|0x000000070aa00000, 0x000000070aa00000, 0x000000070ac00000|  0%| F|  |TAMS 0x000000070aa00000| PB 0x000000070aa00000| Untracked 
|  62|0x000000070ac00000, 0x000000070ac00000, 0x000000070ae00000|  0%| F|  |TAMS 0x000000070ac00000| PB 0x000000070ac00000| Untracked 
|  63|0x000000070ae00000, 0x000000070ae00000, 0x000000070b000000|  0%| F|  |TAMS 0x000000070ae00000| PB 0x000000070ae00000| Untracked 
|  64|0x000000070b000000, 0x000000070b000000, 0x000000070b200000|  0%| F|  |TAMS 0x000000070b000000| PB 0x000000070b000000| Untracked 
|  65|0x000000070b200000, 0x000000070b200000, 0x000000070b400000|  0%| F|  |TAMS 0x000000070b200000| PB 0x000000070b200000| Untracked 
|  66|0x000000070b400000, 0x000000070b400000, 0x000000070b600000|  0%| F|  |TAMS 0x000000070b400000| PB 0x000000070b400000| Untracked 
|  67|0x000000070b600000, 0x000000070b600000, 0x000000070b800000|  0%| F|  |TAMS 0x000000070b600000| PB 0x000000070b600000| Untracked 
|  68|0x000000070b800000, 0x000000070b800000, 0x000000070ba00000|  0%| F|  |TAMS 0x000000070b800000| PB 0x000000070b800000| Untracked 
|  69|0x000000070ba00000, 0x000000070ba00000, 0x000000070bc00000|  0%| F|  |TAMS 0x000000070ba00000| PB 0x000000070ba00000| Untracked 
|  70|0x000000070bc00000, 0x000000070bc00000, 0x000000070be00000|  0%| F|  |TAMS 0x000000070bc00000| PB 0x000000070bc00000| Untracked 
|  71|0x000000070be00000, 0x000000070be00000, 0x000000070c000000|  0%| F|  |TAMS 0x000000070be00000| PB 0x000000070be00000| Untracked 
|  72|0x000000070c000000, 0x000000070c000000, 0x000000070c200000|  0%| F|  |TAMS 0x000000070c000000| PB 0x000000070c000000| Untracked 
|  73|0x000000070c200000, 0x000000070c200000, 0x000000070c400000|  0%| F|  |TAMS 0x000000070c200000| PB 0x000000070c200000| Untracked 
|  74|0x000000070c400000, 0x000000070c400000, 0x000000070c600000|  0%| F|  |TAMS 0x000000070c400000| PB 0x000000070c400000| Untracked 
|  75|0x000000070c600000, 0x000000070c600000, 0x000000070c800000|  0%| F|  |TAMS 0x000000070c600000| PB 0x000000070c600000| Untracked 
|  76|0x000000070c800000, 0x000000070c800000, 0x000000070ca00000|  0%| F|  |TAMS 0x000000070c800000| PB 0x000000070c800000| Untracked 
|  77|0x000000070ca00000, 0x000000070ca00000, 0x000000070cc00000|  0%| F|  |TAMS 0x000000070ca00000| PB 0x000000070ca00000| Untracked 
|  78|0x000000070cc00000, 0x000000070cc00000, 0x000000070ce00000|  0%| F|  |TAMS 0x000000070cc00000| PB 0x000000070cc00000| Untracked 
|  79|0x000000070ce00000, 0x000000070ce00000, 0x000000070d000000|  0%| F|  |TAMS 0x000000070ce00000| PB 0x000000070ce00000| Untracked 
|  80|0x000000070d000000, 0x000000070d000000, 0x000000070d200000|  0%| F|  |TAMS 0x000000070d000000| PB 0x000000070d000000| Untracked 
|  81|0x000000070d200000, 0x000000070d200000, 0x000000070d400000|  0%| F|  |TAMS 0x000000070d200000| PB 0x000000070d200000| Untracked 
|  82|0x000000070d400000, 0x000000070d400000, 0x000000070d600000|  0%| F|  |TAMS 0x000000070d400000| PB 0x000000070d400000| Untracked 
|  83|0x000000070d600000, 0x000000070d600000, 0x000000070d800000|  0%| F|  |TAMS 0x000000070d600000| PB 0x000000070d600000| Untracked 
|  84|0x000000070d800000, 0x000000070d800000, 0x000000070da00000|  0%| F|  |TAMS 0x000000070d800000| PB 0x000000070d800000| Untracked 
|  85|0x000000070da00000, 0x000000070da00000, 0x000000070dc00000|  0%| F|  |TAMS 0x000000070da00000| PB 0x000000070da00000| Untracked 
|  86|0x000000070dc00000, 0x000000070dc00000, 0x000000070de00000|  0%| F|  |TAMS 0x000000070dc00000| PB 0x000000070dc00000| Untracked 
|  87|0x000000070de00000, 0x000000070de00000, 0x000000070e000000|  0%| F|  |TAMS 0x000000070de00000| PB 0x000000070de00000| Untracked 
|  88|0x000000070e000000, 0x000000070e000000, 0x000000070e200000|  0%| F|  |TAMS 0x000000070e000000| PB 0x000000070e000000| Untracked 
|  89|0x000000070e200000, 0x000000070e200000, 0x000000070e400000|  0%| F|  |TAMS 0x000000070e200000| PB 0x000000070e200000| Untracked 
|  90|0x000000070e400000, 0x000000070e400000, 0x000000070e600000|  0%| F|  |TAMS 0x000000070e400000| PB 0x000000070e400000| Untracked 
|  91|0x000000070e600000, 0x000000070e600000, 0x000000070e800000|  0%| F|  |TAMS 0x000000070e600000| PB 0x000000070e600000| Untracked 
|  92|0x000000070e800000, 0x000000070e800000, 0x000000070ea00000|  0%| F|  |TAMS 0x000000070e800000| PB 0x000000070e800000| Untracked 
|  93|0x000000070ea00000, 0x000000070ea00000, 0x000000070ec00000|  0%| F|  |TAMS 0x000000070ea00000| PB 0x000000070ea00000| Untracked 
|  94|0x000000070ec00000, 0x000000070ec00000, 0x000000070ee00000|  0%| F|  |TAMS 0x000000070ec00000| PB 0x000000070ec00000| Untracked 
|  95|0x000000070ee00000, 0x000000070ee00000, 0x000000070f000000|  0%| F|  |TAMS 0x000000070ee00000| PB 0x000000070ee00000| Untracked 
|  96|0x000000070f000000, 0x000000070f000000, 0x000000070f200000|  0%| F|  |TAMS 0x000000070f000000| PB 0x000000070f000000| Untracked 
|  97|0x000000070f200000, 0x000000070f200000, 0x000000070f400000|  0%| F|  |TAMS 0x000000070f200000| PB 0x000000070f200000| Untracked 
|  98|0x000000070f400000, 0x000000070f400000, 0x000000070f600000|  0%| F|  |TAMS 0x000000070f400000| PB 0x000000070f400000| Untracked 
|  99|0x000000070f600000, 0x000000070f600000, 0x000000070f800000|  0%| F|  |TAMS 0x000000070f600000| PB 0x000000070f600000| Untracked 
| 100|0x000000070f800000, 0x000000070f800000, 0x000000070fa00000|  0%| F|  |TAMS 0x000000070f800000| PB 0x000000070f800000| Untracked 
| 101|0x000000070fa00000, 0x000000070fa00000, 0x000000070fc00000|  0%| F|  |TAMS 0x000000070fa00000| PB 0x000000070fa00000| Untracked 
| 126|0x0000000712c00000, 0x0000000712c00000, 0x0000000712e00000|  0%| F|  |TAMS 0x0000000712c00000| PB 0x0000000712c00000| Untracked 
|2023|0x00000007ffe00000, 0x00000007ffe00000, 0x0000000800000000|  0%| F|  |TAMS 0x00000007ffe00000| PB 0x00000007ffe00000| Untracked 

Card table byte_map: [0x000001deed280000,0x000001deeda70000] _byte_map_base: 0x000001dee9a68000

Marking Bits: (CMBitMap*) 0x000001ded32454c0
 Bits: [0x000001deeda70000, 0x000001def19b0000)

Polling page: 0x000001dedcde0000

Metaspace:

Usage:
  Non-class:     59.59 MB used.
      Class:      9.08 MB used.
       Both:     68.66 MB used.

Virtual space:
  Non-class space:       64.00 MB reserved,      60.00 MB ( 94%) committed,  1 nodes.
      Class space:        1.00 GB reserved,       9.44 MB ( <1%) committed,  1 nodes.
             Both:        1.06 GB reserved,      69.44 MB (  6%) committed. 

Chunk freelists:
   Non-Class:  3.17 MB
       Class:  6.48 MB
        Both:  9.66 MB

MaxMetaspaceSize: unlimited
CompressedClassSpaceSize: 1.00 GB
Initial GC threshold: 21.00 MB
Current GC threshold: 105.75 MB
CDS: on
 - commit_granule_bytes: 65536.
 - commit_granule_words: 8192.
 - virtual_space_node_default_size: 8388608.
 - enlarge_chunks_in_place: 1.
 - use_allocation_guard: 0.


Internal statistics:

num_allocs_failed_limit: 12.
num_arena_births: 1112.
num_arena_deaths: 0.
num_vsnodes_births: 2.
num_vsnodes_deaths: 0.
num_space_committed: 1111.
num_space_uncommitted: 0.
num_chunks_returned_to_freelist: 12.
num_chunks_taken_from_freelist: 3572.
num_chunk_merges: 12.
num_chunk_splits: 2545.
num_chunks_enlarged: 1958.
num_inconsistent_stats: 0.

CodeHeap 'non-profiled nmethods': size=120000Kb used=4548Kb max_used=4548Kb free=115451Kb
 bounds [0x000001dee48d0000, 0x000001dee4d50000, 0x000001deebe00000]
CodeHeap 'profiled nmethods': size=120000Kb used=11952Kb max_used=11952Kb free=108047Kb
 bounds [0x000001dedce00000, 0x000001dedd9b0000, 0x000001dee4330000]
CodeHeap 'non-nmethods': size=5760Kb used=1707Kb max_used=1797Kb free=4052Kb
 bounds [0x000001dee4330000, 0x000001dee45a0000, 0x000001dee48d0000]
 total_blobs=6656 nmethods=5922 adapters=637
 compilation: enabled
              stopped_count=0, restarted_count=0
 full_count=0

Compilation events (20 events):
Event: 19.995 Thread 0x000001defbb13440 nmethod 6617 0x000001dee4d35a90 code [0x000001dee4d363a0, 0x000001dee4d3c6d0]
Event: 19.997 Thread 0x000001def46d6610 6881       3       com.fasterxml.jackson.databind.type.TypeBase::<init> (40 bytes)
Event: 19.997 Thread 0x000001def46d6610 nmethod 6881 0x000001dedd9a8710 code [0x000001dedd9a88c0, 0x000001dedd9a8bb8]
Event: 19.997 Thread 0x000001def46d6610 6882       3       com.fasterxml.jackson.databind.JavaType::<init> (40 bytes)
Event: 19.997 Thread 0x000001def46d6610 nmethod 6882 0x000001dedd9a8c90 code [0x000001dedd9a8e60, 0x000001dedd9a9250]
Event: 19.998 Thread 0x000001def46d6610 6883       3       sun.reflect.annotation.AnnotationInvocationHandler::memberValueHashCode (137 bytes)
Event: 19.998 Thread 0x000001def46d6610 nmethod 6883 0x000001dedd9a9390 code [0x000001dedd9a96c0, 0x000001dedd9aa6e0]
Event: 19.998 Thread 0x000001def46d6610 6884       3       java.lang.Boolean::hashCode (8 bytes)
Event: 19.998 Thread 0x000001def46d6610 nmethod 6884 0x000001dedd9aa990 code [0x000001dedd9aab40, 0x000001dedd9aad20]
Event: 19.998 Thread 0x000001def46d6610 6885       3       sun.reflect.generics.factory.CoreReflectionFactory::make (10 bytes)
Event: 19.998 Thread 0x000001def46d6610 nmethod 6885 0x000001dedd9aae10 code [0x000001dedd9aafc0, 0x000001dedd9ab290]
Event: 19.998 Thread 0x000001def46d6610 6886       3       sun.reflect.generics.factory.CoreReflectionFactory::<init> (15 bytes)
Event: 19.998 Thread 0x000001def46d6610 nmethod 6886 0x000001dedd9ab390 code [0x000001dedd9ab540, 0x000001dedd9ab770]
Event: 19.998 Thread 0x000001def46d6610 6887       3       com.fasterxml.jackson.databind.introspect.AnnotatedFieldCollector::_isIncludableField (25 bytes)
Event: 19.999 Thread 0x000001def46d6610 nmethod 6887 0x000001dedd9ab810 code [0x000001dedd9ab9e0, 0x000001dedd9abdb8]
Event: 19.999 Thread 0x000001def46d6610 6888       3       com.fasterxml.jackson.databind.introspect.CollectorBase::collectAnnotations (52 bytes)
Event: 19.999 Thread 0x000001def46d6610 nmethod 6888 0x000001dedd9abf10 code [0x000001dedd9ac100, 0x000001dedd9ac520]
Event: 19.999 Thread 0x000001def46d6610 6890       3       java.lang.reflect.Modifier::isTransient (14 bytes)
Event: 19.999 Thread 0x000001def46d6610 nmethod 6890 0x000001dedd9ac710 code [0x000001dedd9ac8a0, 0x000001dedd9ac9e8]
Event: 19.999 Thread 0x000001def46d6610 6889       3       com.fasterxml.jackson.databind.introspect.AnnotatedFieldCollector$FieldBuilder::<init> (22 bytes)

GC Heap History (20 events):
Event: 3.138 GC heap after
{Heap after GC invocations=5 (full 0):
 garbage-first heap   total 73728K, used 17844K [0x0000000703000000, 0x0000000800000000)
  region size 2048K, 6 young (12288K), 6 survivors (12288K)
 Metaspace       used 29758K, committed 30272K, reserved 1114112K
  class space    used 3730K, committed 3968K, reserved 1048576K
}
Event: 3.669 GC heap before
{Heap before GC invocations=5 (full 0):
 garbage-first heap   total 73728K, used 42420K [0x0000000703000000, 0x0000000800000000)
  region size 2048K, 19 young (38912K), 6 survivors (12288K)
 Metaspace       used 35454K, committed 35968K, reserved 1114112K
  class space    used 4581K, committed 4800K, reserved 1048576K
}
Event: 3.675 GC heap after
{Heap after GC invocations=6 (full 0):
 garbage-first heap   total 73728K, used 19123K [0x0000000703000000, 0x0000000800000000)
  region size 2048K, 1 young (2048K), 1 survivors (2048K)
 Metaspace       used 35454K, committed 35968K, reserved 1114112K
  class space    used 4581K, committed 4800K, reserved 1048576K
}
Event: 3.701 GC heap before
{Heap before GC invocations=6 (full 0):
 garbage-first heap   total 73728K, used 19123K [0x0000000703000000, 0x0000000800000000)
  region size 2048K, 2 young (4096K), 1 survivors (2048K)
 Metaspace       used 35792K, committed 36288K, reserved 1114112K
  class space    used 4646K, committed 4864K, reserved 1048576K
}
Event: 3.702 GC heap after
{Heap after GC invocations=7 (full 0):
 garbage-first heap   total 73728K, used 18573K [0x0000000703000000, 0x0000000800000000)
  region size 2048K, 1 young (2048K), 1 survivors (2048K)
 Metaspace       used 35792K, committed 36288K, reserved 1114112K
  class space    used 4646K, committed 4864K, reserved 1048576K
}
Event: 6.538 GC heap before
{Heap before GC invocations=8 (full 0):
 garbage-first heap   total 73728K, used 55437K [0x0000000703000000, 0x0000000800000000)
  region size 2048K, 20 young (40960K), 1 survivors (2048K)
 Metaspace       used 51666K, committed 52160K, reserved 1114112K
  class space    used 6701K, committed 6912K, reserved 1048576K
}
Event: 6.543 GC heap after
{Heap after GC invocations=9 (full 0):
 garbage-first heap   total 94208K, used 21475K [0x0000000703000000, 0x0000000800000000)
  region size 2048K, 3 young (6144K), 3 survivors (6144K)
 Metaspace       used 51666K, committed 52160K, reserved 1114112K
  class space    used 6701K, committed 6912K, reserved 1048576K
}
Event: 7.793 GC heap before
{Heap before GC invocations=9 (full 0):
 garbage-first heap   total 94208K, used 64483K [0x0000000703000000, 0x0000000800000000)
  region size 2048K, 25 young (51200K), 3 survivors (6144K)
 Metaspace       used 60285K, committed 60800K, reserved 1114112K
  class space    used 8005K, committed 8256K, reserved 1048576K
}
Event: 7.802 GC heap after
{Heap after GC invocations=10 (full 0):
 garbage-first heap   total 94208K, used 24540K [0x0000000703000000, 0x0000000800000000)
  region size 2048K, 4 young (8192K), 4 survivors (8192K)
 Metaspace       used 60285K, committed 60800K, reserved 1114112K
  class space    used 8005K, committed 8256K, reserved 1048576K
}
Event: 8.446 GC heap before
{Heap before GC invocations=11 (full 0):
 garbage-first heap   total 94208K, used 69596K [0x0000000703000000, 0x0000000800000000)
  region size 2048K, 27 young (55296K), 4 survivors (8192K)
 Metaspace       used 63988K, committed 64640K, reserved 1114112K
  class space    used 8486K, committed 8768K, reserved 1048576K
}
Event: 8.454 GC heap after
{Heap after GC invocations=12 (full 0):
 garbage-first heap   total 94208K, used 32197K [0x0000000703000000, 0x0000000800000000)
  region size 2048K, 4 young (8192K), 4 survivors (8192K)
 Metaspace       used 63988K, committed 64640K, reserved 1114112K
  class space    used 8486K, committed 8768K, reserved 1048576K
}
Event: 8.594 GC heap before
{Heap before GC invocations=12 (full 0):
 garbage-first heap   total 94208K, used 77253K [0x0000000703000000, 0x0000000800000000)
  region size 2048K, 26 young (53248K), 4 survivors (8192K)
 Metaspace       used 64183K, committed 64768K, reserved 1114112K
  class space    used 8500K, committed 8768K, reserved 1048576K
}
Event: 8.603 GC heap after
{Heap after GC invocations=13 (full 0):
 garbage-first heap   total 96256K, used 41620K [0x0000000703000000, 0x0000000800000000)
  region size 2048K, 4 young (8192K), 4 survivors (8192K)
 Metaspace       used 64183K, committed 64768K, reserved 1114112K
  class space    used 8500K, committed 8768K, reserved 1048576K
}
Event: 8.681 GC heap before
{Heap before GC invocations=13 (full 0):
 garbage-first heap   total 96256K, used 74388K [0x0000000703000000, 0x0000000800000000)
  region size 2048K, 21 young (43008K), 4 survivors (8192K)
 Metaspace       used 64291K, committed 64960K, reserved 1114112K
  class space    used 8505K, committed 8768K, reserved 1048576K
}
Event: 8.689 GC heap after
{Heap after GC invocations=14 (full 0):
 garbage-first heap   total 96256K, used 51393K [0x0000000703000000, 0x0000000800000000)
  region size 2048K, 3 young (6144K), 3 survivors (6144K)
 Metaspace       used 64291K, committed 64960K, reserved 1114112K
  class space    used 8505K, committed 8768K, reserved 1048576K
}
Event: 8.745 GC heap before
{Heap before GC invocations=14 (full 0):
 garbage-first heap   total 96256K, used 78017K [0x0000000703000000, 0x0000000800000000)
  region size 2048K, 16 young (32768K), 3 survivors (6144K)
 Metaspace       used 64350K, committed 64960K, reserved 1114112K
  class space    used 8505K, committed 8768K, reserved 1048576K
}
Event: 8.752 GC heap after
{Heap after GC invocations=15 (full 0):
 garbage-first heap   total 96256K, used 59111K [0x0000000703000000, 0x0000000800000000)
  region size 2048K, 2 young (4096K), 2 survivors (4096K)
 Metaspace       used 64350K, committed 64960K, reserved 1114112K
  class space    used 8505K, committed 8768K, reserved 1048576K
}
Event: 8.829 GC heap before
{Heap before GC invocations=16 (full 0):
 garbage-first heap   total 122880K, used 81639K [0x0000000703000000, 0x0000000800000000)
  region size 2048K, 13 young (26624K), 2 survivors (4096K)
 Metaspace       used 64438K, committed 65088K, reserved 1114112K
  class space    used 8509K, committed 8768K, reserved 1048576K
}
Event: 8.834 GC heap after
{Heap after GC invocations=17 (full 0):
 garbage-first heap   total 122880K, used 65757K [0x0000000703000000, 0x0000000800000000)
  region size 2048K, 2 young (4096K), 2 survivors (4096K)
 Metaspace       used 64438K, committed 65088K, reserved 1114112K
  class space    used 8509K, committed 8768K, reserved 1048576K
}
Event: 19.999 GC heap before
{Heap before GC invocations=17 (full 0):
 garbage-first heap   total 122880K, used 96477K [0x0000000703000000, 0x0000000800000000)
  region size 2048K, 18 young (36864K), 2 survivors (4096K)
 Metaspace       used 70312K, committed 71104K, reserved 1114112K
  class space    used 9292K, committed 9664K, reserved 1048576K
}

Dll operation events (14 events):
Event: 0.006 Loaded shared library C:\Users\maric\.jdks\openjdk-21.0.2\bin\java.dll
Event: 0.040 Loaded shared library C:\Users\maric\.jdks\openjdk-21.0.2\bin\jsvml.dll
Event: 0.122 Loaded shared library C:\Users\maric\.jdks\openjdk-21.0.2\bin\zip.dll
Event: 0.125 Loaded shared library C:\Users\maric\.jdks\openjdk-21.0.2\bin\instrument.dll
Event: 0.130 Loaded shared library C:\Users\maric\.jdks\openjdk-21.0.2\bin\net.dll
Event: 0.131 Loaded shared library C:\Users\maric\.jdks\openjdk-21.0.2\bin\nio.dll
Event: 0.133 Loaded shared library C:\Users\maric\.jdks\openjdk-21.0.2\bin\zip.dll
Event: 0.205 Loaded shared library C:\Program Files\JetBrains\IntelliJ IDEA Community Edition 2023.3.2\bin\breakgen64.dll
Event: 0.213 Loaded shared library C:\Users\maric\.jdks\openjdk-21.0.2\bin\extnet.dll
Event: 0.250 Loaded shared library C:\Users\maric\.jdks\openjdk-21.0.2\bin\jimage.dll
Event: 1.303 Loaded shared library C:\Users\maric\.jdks\openjdk-21.0.2\bin\sunmscapi.dll
Event: 2.973 Loaded shared library C:\Users\maric\.jdks\openjdk-21.0.2\bin\management.dll
Event: 2.975 Loaded shared library C:\Users\maric\.jdks\openjdk-21.0.2\bin\management_ext.dll
Event: 3.561 Loaded shared library C:\Users\maric\.jdks\openjdk-21.0.2\bin\verify.dll

Deoptimization events (20 events):
Event: 19.973 Thread 0x000001defca5d990 Uncommon trap: trap_request=0xfffffff4 fr.pc=0x000001dee4c0e960 relative=0x0000000000000b40
Event: 19.973 Thread 0x000001defca5d990 Uncommon trap: reason=null_check action=make_not_entrant pc=0x000001dee4c0e960 method=org.springframework.core.annotation.AnnotationsScanner.isWithoutHierarchy(Ljava/lang/reflect/AnnotatedElement;Lorg/springframework/core/annotation/MergedAnnotations$Sear
Event: 19.973 Thread 0x000001defca5d990 DEOPT PACKING pc=0x000001dee4c0e960 sp=0x00000086e38fc3c0
Event: 19.973 Thread 0x000001defca5d990 DEOPT UNPACKING pc=0x000001dee43846a2 sp=0x00000086e38fc1b8 mode 2
Event: 19.973 Thread 0x000001defca5d990 Uncommon trap: trap_request=0xfffffff4 fr.pc=0x000001dee4c10cac relative=0x0000000000000c0c
Event: 19.973 Thread 0x000001defca5d990 Uncommon trap: reason=null_check action=make_not_entrant pc=0x000001dee4c10cac method=org.springframework.core.annotation.AnnotationsScanner.isWithoutHierarchy(Ljava/lang/reflect/AnnotatedElement;Lorg/springframework/core/annotation/MergedAnnotations$Sear
Event: 19.973 Thread 0x000001defca5d990 DEOPT PACKING pc=0x000001dee4c10cac sp=0x00000086e38fc310
Event: 19.973 Thread 0x000001defca5d990 DEOPT UNPACKING pc=0x000001dee43846a2 sp=0x00000086e38fc1b8 mode 2
Event: 19.973 Thread 0x000001defca5d990 Uncommon trap: trap_request=0xfffffff4 fr.pc=0x000001dee4a31ec0 relative=0x0000000000000ba0
Event: 19.973 Thread 0x000001defca5d990 Uncommon trap: reason=null_check action=make_not_entrant pc=0x000001dee4a31ec0 method=org.springframework.core.annotation.AnnotationsScanner.isWithoutHierarchy(Ljava/lang/reflect/AnnotatedElement;Lorg/springframework/core/annotation/MergedAnnotations$Sear
Event: 19.973 Thread 0x000001defca5d990 DEOPT PACKING pc=0x000001dee4a31ec0 sp=0x00000086e38fc290
Event: 19.973 Thread 0x000001defca5d990 DEOPT UNPACKING pc=0x000001dee43846a2 sp=0x00000086e38fc1b8 mode 2
Event: 19.985 Thread 0x000001defca5d990 Uncommon trap: trap_request=0xffffff45 fr.pc=0x000001dee48dae50 relative=0x00000000000000b0
Event: 19.985 Thread 0x000001defca5d990 Uncommon trap: reason=unstable_if action=reinterpret pc=0x000001dee48dae50 method=java.lang.String.isLatin1()Z @ 10 c2
Event: 19.985 Thread 0x000001defca5d990 DEOPT PACKING pc=0x000001dee48dae50 sp=0x00000086e38fc250
Event: 19.985 Thread 0x000001defca5d990 DEOPT UNPACKING pc=0x000001dee43846a2 sp=0x00000086e38fc180 mode 2
Event: 19.992 Thread 0x000001defca5d990 Uncommon trap: trap_request=0xffffff45 fr.pc=0x000001dee4d2ec38 relative=0x0000000000001278
Event: 19.992 Thread 0x000001defca5d990 Uncommon trap: reason=unstable_if action=reinterpret pc=0x000001dee4d2ec38 method=sun.reflect.annotation.AnnotationParser.parseConst(ILjava/nio/ByteBuffer;Ljdk/internal/reflect/ConstantPool;)Ljava/lang/Object; @ 9 c2
Event: 19.992 Thread 0x000001defca5d990 DEOPT PACKING pc=0x000001dee4d2ec38 sp=0x00000086e38faec0
Event: 19.992 Thread 0x000001defca5d990 DEOPT UNPACKING pc=0x000001dee43846a2 sp=0x00000086e38fae18 mode 2

Classes loaded (20 events):
Event: 19.623 Loading class java/util/OptionalDouble
Event: 19.623 Loading class java/util/OptionalDouble done
Event: 19.633 Loading class java/util/stream/LongStream
Event: 19.634 Loading class java/util/stream/LongStream done
Event: 19.634 Loading class java/util/stream/DoubleStream
Event: 19.635 Loading class java/util/stream/DoubleStream done
Event: 19.799 Loading class org/w3c/dom/Node
Event: 19.799 Loading class org/w3c/dom/Node done
Event: 19.799 Loading class org/w3c/dom/Document
Event: 19.800 Loading class org/w3c/dom/Document done
Event: 19.942 Loading class java/text/CharacterIterator
Event: 19.942 Loading class java/text/CharacterIterator done
Event: 19.942 Loading class java/text/StringCharacterIterator
Event: 19.943 Loading class java/text/StringCharacterIterator done
Event: 19.986 Loading class jdk/internal/loader/BootLoader$PackageHelper
Event: 19.986 Loading class jdk/internal/loader/BootLoader$PackageHelper done
Event: 19.988 Loading class java/time/package-info
Event: 19.988 Loading class java/time/package-info done
Event: 19.989 Loading class java/util/concurrent/ConcurrentHashMap$KeySpliterator
Event: 19.989 Loading class java/util/concurrent/ConcurrentHashMap$KeySpliterator done

Classes unloaded (0 events):
No events

Classes redefined (0 events):
No events

Internal exceptions (20 events):
Event: 8.734 Thread 0x000001defca5e020 Exception <a 'sun/nio/fs/WindowsException'{0x0000000707cb56f8}> (0x0000000707cb56f8) 
thrown [s\open\src\hotspot\share\prims\jni.cpp, line 520]
Event: 8.734 Thread 0x000001defca5e020 Exception <a 'sun/nio/fs/WindowsException'{0x0000000707cb5ba8}> (0x0000000707cb5ba8) 
thrown [s\open\src\hotspot\share\prims\jni.cpp, line 520]
Event: 8.735 Thread 0x000001defca5e020 Exception <a 'sun/nio/fs/WindowsException'{0x0000000707cb6698}> (0x0000000707cb6698) 
thrown [s\open\src\hotspot\share\prims\jni.cpp, line 520]
Event: 8.735 Thread 0x000001defca5e020 Exception <a 'sun/nio/fs/WindowsException'{0x0000000707cb6b40}> (0x0000000707cb6b40) 
thrown [s\open\src\hotspot\share\prims\jni.cpp, line 520]
Event: 8.856 Thread 0x000001ded2ed80d0 Exception <a 'java/lang/NoSuchMethodError'{0x0000000712cba420}: 'void java.lang.invoke.DirectMethodHandle$Holder.invokeVirtual(java.lang.Object, java.lang.Object, long)'> (0x0000000712cba420) 
thrown [s\open\src\hotspot\share\interpreter\linkResolver.cpp, line 773]
Event: 8.959 Thread 0x000001ded2ed80d0 Exception <a 'java/lang/NoSuchMethodError'{0x000000070f929318}: 'java.lang.Object java.lang.invoke.DirectMethodHandle$Holder.invokeVirtual(java.lang.Object, java.lang.Object, java.lang.Object, java.lang.Object, java.lang.Object, java.lang.Object, java.lang.Object, java.lang.Object, java.lang.Object)'> (0x000000070f929318) 
thrown [s\open\src\hotspot\share\interpreter\linkResolver.cpp, line 773]
Event: 8.997 Thread 0x000001ded2ed80d0 Exception <a 'java/lang/NoSuchMethodError'{0x000000070f6c2408}: 'java.lang.Object java.lang.invoke.DirectMethodHandle$Holder.invokeVirtual(java.lang.Object, java.lang.Object, java.lang.Object, java.lang.Object, java.lang.Object, java.lang.Object, java.lang.Object, java.lang.Object, java.lang.Object, java.lang.Object)'> (0x000000070f6c2408) 
thrown [s\open\src\hotspot\share\interpreter\linkResolver.cpp, line 773]
Event: 9.034 Thread 0x000001ded2ed80d0 Exception <a 'java/lang/IncompatibleClassChangeError'{0x000000070f46d530}: Found class java.lang.Object, but interface was expected> (0x000000070f46d530) 
thrown [s\open\src\hotspot\share\interpreter\linkResolver.cpp, line 840]
Event: 9.045 Thread 0x000001ded2ed80d0 Implicit null exception at 0x000001dee4a1a08b to 0x000001dee4a1a30c
Event: 9.110 Thread 0x000001ded2ed80d0 Exception <a 'java/lang/NoSuchMethodError'{0x00000007098c92f0}: 'java.lang.Object java.lang.invoke.DirectMethodHandle$Holder.newInvokeSpecial(java.lang.Object, java.lang.Object, int, java.lang.Object, java.lang.Object)'> (0x00000007098c92f0) 
thrown [s\open\src\hotspot\share\interpreter\linkResolver.cpp, line 773]
Event: 9.110 Thread 0x000001ded2ed80d0 Exception <a 'java/lang/NoSuchMethodError'{0x00000007098d41a0}: 'java.lang.Object java.lang.invoke.DirectMethodHandle$Holder.invokeSpecial(java.lang.Object, java.lang.Object, int, java.lang.Object, int, java.lang.Object)'> (0x00000007098d41a0) 
thrown [s\open\src\hotspot\share\interpreter\linkResolver.cpp, line 773]
Event: 9.111 Thread 0x000001ded2ed80d0 Exception <a 'java/lang/NoSuchMethodError'{0x00000007098db590}: 'java.lang.Object java.lang.invoke.DirectMethodHandle$Holder.newInvokeSpecial(java.lang.Object, java.lang.Object, int, java.lang.Object, int)'> (0x00000007098db590) 
thrown [s\open\src\hotspot\share\interpreter\linkResolver.cpp, line 773]
Event: 9.111 Thread 0x000001ded2ed80d0 Exception <a 'java/lang/NoSuchMethodError'{0x00000007098df400}: 'java.lang.Object java.lang.invoke.DirectMethodHandle$Holder.invokeSpecial(java.lang.Object, java.lang.Object, java.lang.Object, int, java.lang.Object, int)'> (0x00000007098df400) 
thrown [s\open\src\hotspot\share\interpreter\linkResolver.cpp, line 773]
Event: 17.810 Thread 0x000001defca5e020 Exception <a 'java/lang/NoSuchMethodError'{0x0000000708e0f2a0}: 'java.lang.Object java.lang.invoke.DirectMethodHandle$Holder.invokeSpecial(java.lang.Object, java.lang.Object, java.lang.Object, java.lang.Object, java.lang.Object, long)'> (0x0000000708e0f2a0) 
thrown [s\open\src\hotspot\share\interpreter\linkResolver.cpp, line 773]
Event: 17.810 Thread 0x000001defca5e020 Exception <a 'java/lang/NoSuchMethodError'{0x0000000708e12a60}: 'java.lang.Object java.lang.invoke.Invokers$Holder.linkToTargetMethod(java.lang.Object, java.lang.Object, java.lang.Object, long, java.lang.Object)'> (0x0000000708e12a60) 
thrown [s\open\src\hotspot\share\interpreter\linkResolver.cpp, line 773]
Event: 17.861 Thread 0x000001defca5e020 Exception <a 'java/lang/NoSuchMethodError'{0x0000000708fc61a8}: 'java.lang.Object java.lang.invoke.DirectMethodHandle$Holder.invokeStatic(java.lang.Object, int, int)'> (0x0000000708fc61a8) 
thrown [s\open\src\hotspot\share\interpreter\linkResolver.cpp, line 773]
Event: 19.940 Thread 0x000001defca5d990 Exception <a 'java/lang/NoSuchMethodError'{0x00000007085c0e20}: 'java.lang.Object java.lang.invoke.DirectMethodHandle$Holder.invokeInterface(java.lang.Object, java.lang.Object, java.lang.Object, java.lang.Object)'> (0x00000007085c0e20) 
thrown [s\open\src\hotspot\share\interpreter\linkResolver.cpp, line 773]
Event: 19.973 Thread 0x000001defca5d990 Implicit null exception at 0x000001dee4c0df86 to 0x000001dee4c0e930
Event: 19.973 Thread 0x000001defca5d990 Implicit null exception at 0x000001dee4c10203 to 0x000001dee4c10c88
Event: 19.973 Thread 0x000001defca5d990 Implicit null exception at 0x000001dee4a3146a to 0x000001dee4a31e7c

ZGC Phase Switch (0 events):
No events

VM Operations (20 events):
Event: 13.181 Executing VM operation: Cleanup done
Event: 17.827 Executing VM operation: HandshakeAllThreads (Deoptimize)
Event: 17.827 Executing VM operation: HandshakeAllThreads (Deoptimize) done
Event: 17.827 Executing VM operation: Cleanup
Event: 17.827 Executing VM operation: Cleanup done
Event: 18.560 Executing VM operation: HandshakeAllThreads (Deoptimize)
Event: 18.560 Executing VM operation: HandshakeAllThreads (Deoptimize) done
Event: 19.571 Executing VM operation: Cleanup
Event: 19.571 Executing VM operation: Cleanup done
Event: 19.616 Executing VM operation: HandshakeAllThreads (Deoptimize)
Event: 19.616 Executing VM operation: HandshakeAllThreads (Deoptimize) done
Event: 19.695 Executing VM operation: HandshakeAllThreads (Deoptimize)
Event: 19.695 Executing VM operation: HandshakeAllThreads (Deoptimize) done
Event: 19.766 Executing VM operation: HandshakeAllThreads (Deoptimize)
Event: 19.766 Executing VM operation: HandshakeAllThreads (Deoptimize) done
Event: 19.960 Executing VM operation: HandshakeAllThreads (Deoptimize)
Event: 19.960 Executing VM operation: HandshakeAllThreads (Deoptimize) done
Event: 19.994 Executing VM operation: ICBufferFull
Event: 19.994 Executing VM operation: ICBufferFull done
Event: 19.999 Executing VM operation: G1CollectForAllocation (G1 Evacuation Pause)

Events (20 events):
Event: 9.126 Thread 0x000001defca5d990 Thread added: 0x000001defca5d990
Event: 9.126 Thread 0x000001defca600f0 Thread added: 0x000001defca600f0
Event: 9.126 Thread 0x000001defca5ed40 Thread added: 0x000001defca5ed40
Event: 9.126 Thread 0x000001defca5f3d0 Thread added: 0x000001defca5f3d0
Event: 9.126 Thread 0x000001defe1b1600 Thread added: 0x000001defe1b1600
Event: 9.126 Thread 0x000001defe1ae180 Thread added: 0x000001defe1ae180
Event: 9.137 Thread 0x000001defe1b57a0 Thread added: 0x000001defe1b57a0
Event: 9.140 Thread 0x000001defe1b1c90 Thread added: 0x000001defe1b1c90
Event: 9.156 Thread 0x000001ded2ed80d0 Thread exited: 0x000001ded2ed80d0
Event: 9.157 Thread 0x000001defe1ae810 Thread added: 0x000001defe1ae810
Event: 9.873 Thread 0x000001defc39c820 Thread exited: 0x000001defc39c820
Event: 9.873 Thread 0x000001def4abb670 Thread exited: 0x000001def4abb670
Event: 17.562 Thread 0x000001defd0c4ff0 Thread exited: 0x000001defd0c4ff0
Event: 17.885 Thread 0x000001dec13ba8a0 Thread added: 0x000001dec13ba8a0
Event: 18.555 Thread 0x000001dec13ba8a0 Thread exited: 0x000001dec13ba8a0
Event: 19.718 Thread 0x000001dec13ba8a0 Thread added: 0x000001dec13ba8a0
Event: 19.722 Thread 0x000001defbb13440 Thread added: 0x000001defbb13440
Event: 19.924 Thread 0x000001defe1aeea0 Thread added: 0x000001defe1aeea0
Event: 19.925 Thread 0x000001defe1af530 Thread added: 0x000001defe1af530
Event: 19.925 Thread 0x000001defe1b2320 Thread added: 0x000001defe1b2320


Dynamic libraries:
0x00007ff7d7da0000 - 0x00007ff7d7dae000 	C:\Users\maric\.jdks\openjdk-21.0.2\bin\java.exe
0x00007ff9c3c30000 - 0x00007ff9c3e28000 	C:\WINDOWS\SYSTEM32\ntdll.dll
0x00007ff98b0c0000 - 0x00007ff98b0d9000 	C:\Program Files\Avast Software\Avast\aswhook.dll
0x00007ff9c2fe0000 - 0x00007ff9c309d000 	C:\WINDOWS\System32\KERNEL32.DLL
0x00007ff9c13f0000 - 0x00007ff9c16e6000 	C:\WINDOWS\System32\KERNELBASE.dll
0x00007ff9c1760000 - 0x00007ff9c1860000 	C:\WINDOWS\System32\ucrtbase.dll
0x00007ff98a080000 - 0x00007ff98a09b000 	C:\Users\maric\.jdks\openjdk-21.0.2\bin\VCRUNTIME140.dll
0x00007ff98a570000 - 0x00007ff98a588000 	C:\Users\maric\.jdks\openjdk-21.0.2\bin\jli.dll
0x00007ff9c38f0000 - 0x00007ff9c3a8e000 	C:\WINDOWS\System32\USER32.dll
0x00007ff9c1ae0000 - 0x00007ff9c1b02000 	C:\WINDOWS\System32\win32u.dll
0x00007ff9a3450000 - 0x00007ff9a36ea000 	C:\WINDOWS\WinSxS\amd64_microsoft.windows.common-controls_6595b64144ccf1df_6.0.19041.3636_none_60b6a03d71f818d5\COMCTL32.dll
0x00007ff9c1ec0000 - 0x00007ff9c1eeb000 	C:\WINDOWS\System32\GDI32.dll
0x00007ff9c3850000 - 0x00007ff9c38ee000 	C:\WINDOWS\System32\msvcrt.dll
0x00007ff9c1860000 - 0x00007ff9c1977000 	C:\WINDOWS\System32\gdi32full.dll
0x00007ff9c1980000 - 0x00007ff9c1a1d000 	C:\WINDOWS\System32\msvcp_win.dll
0x00007ff9c2640000 - 0x00007ff9c2672000 	C:\WINDOWS\System32\IMM32.DLL
0x00007ff98ba60000 - 0x00007ff98ba6c000 	C:\Users\maric\.jdks\openjdk-21.0.2\bin\vcruntime140_1.dll
0x00007ff96dea0000 - 0x00007ff96df2e000 	C:\Users\maric\.jdks\openjdk-21.0.2\bin\msvcp140.dll
0x00007ff9148b0000 - 0x00007ff9155c7000 	C:\Users\maric\.jdks\openjdk-21.0.2\bin\server\jvm.dll
0x00007ff9c2440000 - 0x00007ff9c24f3000 	C:\WINDOWS\System32\ADVAPI32.dll
0x00007ff9c37b0000 - 0x00007ff9c384f000 	C:\WINDOWS\System32\sechost.dll
0x00007ff9c1d30000 - 0x00007ff9c1e56000 	C:\WINDOWS\System32\RPCRT4.dll
0x00007ff9c1ab0000 - 0x00007ff9c1ad7000 	C:\WINDOWS\System32\bcrypt.dll
0x00007ff9c25d0000 - 0x00007ff9c263b000 	C:\WINDOWS\System32\WS2_32.dll
0x00007ff9ba6b0000 - 0x00007ff9ba6ba000 	C:\WINDOWS\SYSTEM32\VERSION.dll
0x00007ff9abb00000 - 0x00007ff9abb27000 	C:\WINDOWS\SYSTEM32\WINMM.dll
0x00007ff9c0840000 - 0x00007ff9c088b000 	C:\WINDOWS\SYSTEM32\POWRPROF.dll
0x00007ff9c0700000 - 0x00007ff9c0712000 	C:\WINDOWS\SYSTEM32\UMPDC.dll
0x00007ff9bfb10000 - 0x00007ff9bfb22000 	C:\WINDOWS\SYSTEM32\kernel.appcore.dll
0x00007ff98a560000 - 0x00007ff98a56a000 	C:\Users\maric\.jdks\openjdk-21.0.2\bin\jimage.dll
0x00007ff9bf080000 - 0x00007ff9bf264000 	C:\WINDOWS\SYSTEM32\DBGHELP.DLL
0x00007ff9ab2d0000 - 0x00007ff9ab304000 	C:\WINDOWS\SYSTEM32\dbgcore.DLL
0x00007ff9c1a20000 - 0x00007ff9c1aa2000 	C:\WINDOWS\System32\bcryptPrimitives.dll
0x00007ff9bcd10000 - 0x00007ff9bcd1f000 	C:\Users\maric\.jdks\openjdk-21.0.2\bin\instrument.dll
0x00007ff9899a0000 - 0x00007ff9899bf000 	C:\Users\maric\.jdks\openjdk-21.0.2\bin\java.dll
0x00007ff9c26e0000 - 0x00007ff9c2e25000 	C:\WINDOWS\System32\SHELL32.dll
0x00007ff9bf360000 - 0x00007ff9bfafc000 	C:\WINDOWS\SYSTEM32\windows.storage.dll
0x00007ff9c1ef0000 - 0x00007ff9c2244000 	C:\WINDOWS\System32\combase.dll
0x00007ff9c0d20000 - 0x00007ff9c0d4e000 	C:\WINDOWS\SYSTEM32\Wldp.dll
0x00007ff9c2500000 - 0x00007ff9c25cd000 	C:\WINDOWS\System32\OLEAUT32.dll
0x00007ff9c3b40000 - 0x00007ff9c3bed000 	C:\WINDOWS\System32\SHCORE.dll
0x00007ff9c1e60000 - 0x00007ff9c1eb5000 	C:\WINDOWS\System32\shlwapi.dll
0x00007ff9c1220000 - 0x00007ff9c1245000 	C:\WINDOWS\SYSTEM32\profapi.dll
0x00007ff93a7e0000 - 0x00007ff93a8b7000 	C:\Users\maric\.jdks\openjdk-21.0.2\bin\jsvml.dll
0x00007ff988490000 - 0x00007ff9884a8000 	C:\Users\maric\.jdks\openjdk-21.0.2\bin\zip.dll
0x00007ff98a3c0000 - 0x00007ff98a3d0000 	C:\Users\maric\.jdks\openjdk-21.0.2\bin\net.dll
0x00007ff9ba320000 - 0x00007ff9ba42a000 	C:\WINDOWS\SYSTEM32\WINHTTP.dll
0x00007ff9c0a80000 - 0x00007ff9c0aea000 	C:\WINDOWS\system32\mswsock.dll
0x00007ff989980000 - 0x00007ff989996000 	C:\Users\maric\.jdks\openjdk-21.0.2\bin\nio.dll
0x00007ff9aca30000 - 0x00007ff9aca4a000 	C:\Program Files\JetBrains\IntelliJ IDEA Community Edition 2023.3.2\bin\breakgen64.dll
0x00007ff989970000 - 0x00007ff989979000 	C:\Users\maric\.jdks\openjdk-21.0.2\bin\extnet.dll
0x00007ff987890000 - 0x00007ff98789e000 	C:\Users\maric\.jdks\openjdk-21.0.2\bin\sunmscapi.dll
0x00007ff9c1b10000 - 0x00007ff9c1c6d000 	C:\WINDOWS\System32\CRYPT32.dll
0x00007ff9c0d90000 - 0x00007ff9c0db8000 	C:\WINDOWS\SYSTEM32\ncrypt.dll
0x00007ff9c0d50000 - 0x00007ff9c0d8b000 	C:\WINDOWS\SYSTEM32\NTASN1.dll
0x00007ff9c0c70000 - 0x00007ff9c0c88000 	C:\WINDOWS\SYSTEM32\CRYPTSP.dll
0x00007ff9c0340000 - 0x00007ff9c0374000 	C:\WINDOWS\system32\rsaenh.dll
0x00007ff9c11a0000 - 0x00007ff9c11ce000 	C:\WINDOWS\SYSTEM32\USERENV.dll
0x00007ff9c0c90000 - 0x00007ff9c0c9c000 	C:\WINDOWS\SYSTEM32\CRYPTBASE.dll
0x00007ff9c0720000 - 0x00007ff9c075b000 	C:\WINDOWS\SYSTEM32\IPHLPAPI.DLL
0x00007ff9c22f0000 - 0x00007ff9c22f8000 	C:\WINDOWS\System32\NSI.dll
0x00007ff98b960000 - 0x00007ff98b96a000 	C:\Users\maric\.jdks\openjdk-21.0.2\bin\management.dll
0x00007ff9879b0000 - 0x00007ff9879bb000 	C:\Users\maric\.jdks\openjdk-21.0.2\bin\management_ext.dll
0x00007ff9c2430000 - 0x00007ff9c2438000 	C:\WINDOWS\System32\PSAPI.DLL
0x00007ff987ab0000 - 0x00007ff987ac0000 	C:\Users\maric\.jdks\openjdk-21.0.2\bin\verify.dll
0x00007ff9c0760000 - 0x00007ff9c082b000 	C:\WINDOWS\SYSTEM32\DNSAPI.dll
0x00007ff9ba430000 - 0x00007ff9ba43a000 	C:\Windows\System32\rasadhlp.dll
0x00007ff9b7360000 - 0x00007ff9b73e0000 	C:\WINDOWS\System32\fwpuclnt.dll
0x00007ff98ba70000 - 0x00007ff98ba77000 	C:\WINDOWS\system32\wshunix.dll

dbghelp: loaded successfully - version: 4.0.5 - missing functions: none
symbol engine: initialized successfully - sym options: 0x614 - pdb path: .;C:\Users\maric\.jdks\openjdk-21.0.2\bin;C:\WINDOWS\SYSTEM32;C:\Program Files\Avast Software\Avast;C:\WINDOWS\WinSxS\amd64_microsoft.windows.common-controls_6595b64144ccf1df_6.0.19041.3636_none_60b6a03d71f818d5;C:\Users\maric\.jdks\openjdk-21.0.2\bin\server;C:\Program Files\JetBrains\IntelliJ IDEA Community Edition 2023.3.2\bin

VM Arguments:
jvm_args: -javaagent:C:\Program Files\JetBrains\IntelliJ IDEA Community Edition 2023.3.2\lib\idea_rt.jar=64546:C:\Program Files\JetBrains\IntelliJ IDEA Community Edition 2023.3.2\bin -Dfile.encoding=UTF-8 -Dsun.stdout.encoding=UTF-8 -Dsun.stderr.encoding=UTF-8 
java_command: com.fleetmanagementapi.FleetManagementApiApplication
java_class_path (initial): C:\Users\maric\Desktop\laboratoria-java\UPSK-JAVA-003-fleet-management-api\fleet-management-api\fleet-management-api\target\classes;C:\Users\maric\.m2\repository\org\springframework\boot\spring-boot-starter-data-jpa\3.2.2\spring-boot-starter-data-jpa-3.2.2.jar;C:\Users\maric\.m2\repository\org\springframework\boot\spring-boot-starter-aop\3.2.2\spring-boot-starter-aop-3.2.2.jar;C:\Users\maric\.m2\repository\org\springframework\spring-aop\6.1.3\spring-aop-6.1.3.jar;C:\Users\maric\.m2\repository\org\aspectj\aspectjweaver\1.9.21\aspectjweaver-1.9.21.jar;C:\Users\maric\.m2\repository\org\springframework\boot\spring-boot-starter-jdbc\3.2.2\spring-boot-starter-jdbc-3.2.2.jar;C:\Users\maric\.m2\repository\com\zaxxer\HikariCP\5.0.1\HikariCP-5.0.1.jar;C:\Users\maric\.m2\repository\org\springframework\spring-jdbc\6.1.3\spring-jdbc-6.1.3.jar;C:\Users\maric\.m2\repository\org\hibernate\orm\hibernate-core\6.4.1.Final\hibernate-core-6.4.1.Final.jar;C:\Users\maric\.m2\repository\jakarta\persistence\jakarta.persistence-api\3.1.0\jakarta.persistence-api-3.1.0.jar;C:\Users\maric\.m2\repository\jakarta\transaction\jakarta.transaction-api\2.0.1\jakarta.transaction-api-2.0.1.jar;C:\Users\maric\.m2\repository\org\jboss\logging\jboss-logging\3.5.3.Final\jboss-logging-3.5.3.Final.jar;C:\Users\maric\.m2\repository\org\hibernate\common\hibernate-commons-annotations\6.0.6.Final\hibernate-commons-annotations-6.0.6.Final.jar;C:\Users\maric\.m2\repository\io\smallrye\jandex\3.1.2\jandex-3.1.2.jar;C:\Users\maric\.m2\repository\com\fasterxml\classmate\1.6.0\classmate-1.6.0.jar;C:\Users\maric\.m2\repository\net\bytebuddy\byte-buddy\1.14.11\byte-buddy-1.14.11.jar;C:\Users\maric\.m2\repository\org\glassfish\jaxb\jaxb-runtime\4.0.4\jaxb-runtime-4.0.4.jar;C:\Users\maric\.m2\repository\org\glassfish\jaxb\jaxb-core\4.0.4\jaxb-core-4.0.4.jar;C:\Users\maric\.m2\repository\org\eclipse\angus\angus-activation\2.0.1\angus-activation-2.0.1.jar;C:\Users\maric\.m2\repository\org\glassfish\jaxb\txw2\4.0.4\txw2-4.0.4.jar;C:\Users\maric\.m2\repository\com\sun\istack\istack-commons-runtime\4.1.2\istack-commons-runtime-4.1.2.jar;C:\Users\maric\.m2\repository\jakarta\inject\jakarta.inject-api\2.0.1\jakarta.inject-api-2.0.1.jar;C:\Users\maric\.m2\repository\org\antlr\antlr4-runtime\4.13.0\antlr4-runtime-4.13.0.jar;C:\Users\maric\.m2\repository\org\springframework\data\spring-data-jpa\3.2.2\spring-data-jpa-3.2.2.jar;C:\Users\maric\.m2\repository\org\springframework\data\spring-data-commons\3.2.2\spring-data-commons-3.2.2.jar;C:\Users\maric\.m2\repository\org\springframework\spring-orm\6.1.3\spring-orm-6.1.3.jar;C:\Users\maric\.m2\repository\org\springframework\spring-context\6.1.3\spring-context-6.1.3.jar;C:\Users\maric\.m2\repository\org\springframework\spring-tx\6.1.3\spring-tx-6.1.3.jar;C:\Users\maric\.m2\repository\org\springframework\spring-beans\6.1.3\spring-beans-6.1.3.jar;C:\Users\maric\.m2\repository\jakarta\annotation\jakarta.annotation-api\2.1.1\jakarta.annotation-api-2.1.1.jar;C:\Users\maric\.m2\repository\org\slf4j\slf4j-api\2.0.11\slf4j-api-2.0.11.jar;C:\Users\maric\.m2\repository\org\springframework\spring-aspects\6.1.3\spring-aspects-6.1.3.jar;C:\Users\maric\.m2\repository\org\springframework\boot\spring-boot-starter-web\3.2.2\spring-boot-starter-web-3.2.2.jar;C:\Users\maric\.m2\repository\org\springframework\boot\spring-boot-starter\3.2.2\spring-boot-starter-3.2.2.jar;C:\Users\maric\.m2\repository\org\springframework\boot\spring-boot\3.2.2\spring-boot-3.2.2.jar;C:\Users\maric\.m2\repository\org\springframework\boot\spring-boot-autoconfigure\3.2.2\spring-boot-autoconfigure-3.2.2.jar;C:\Users\maric\.m2\repository\org\springframework\boot\spring-boot-starter-logging\3.2.2\spring-boot-starter-logging-3.2.2.jar;C:\Users\maric\.m2\repository\ch\qos\logback\logback-classic\1.4.14\logback-classic-1.4.14.jar;C:\Users\maric\.m2\repository\ch\qos\logback\logback-core\1.4.14\logback-core-1.4.14.jar;C:\Users\maric\.m2\repository\org\apache\logging\log4j\log4j-to-slf4j\2.21.1\log4j-to-slf4j-2.21.1.jar;C:\Users\maric\.m2\repository\org\apache\logging\log4j\log4j-api\2.21.1\log4j-api-2.21.1.jar;C:\Users\maric\.m2\repository\org\slf4j\jul-to-slf4j\2.0.11\jul-to-slf4j-2.0.11.jar;C:\Users\maric\.m2\repository\org\yaml\snakeyaml\2.2\snakeyaml-2.2.jar;C:\Users\maric\.m2\repository\org\springframework\boot\spring-boot-starter-json\3.2.2\spring-boot-starter-json-3.2.2.jar;C:\Users\maric\.m2\repository\com\fasterxml\jackson\core\jackson-databind\2.15.3\jackson-databind-2.15.3.jar;C:\Users\maric\.m2\repository\com\fasterxml\jackson\core\jackson-annotations\2.15.3\jackson-annotations-2.15.3.jar;C:\Users\maric\.m2\repository\com\fasterxml\jackson\core\jackson-core\2.15.3\jackson-core-2.15.3.jar;C:\Users\maric\.m2\repository\com\fasterxml\jackson\datatype\jackson-datatype-jdk8\2.15.3\jackson-datatype-jdk8-2.15.3.jar;C:\Users\maric\.m2\repository\com\fasterxml\jackson\datatype\jackson-datatype-jsr310\2.15.3\jackson-datatype-jsr310-2.15.3.jar;C:\Users\maric\.m2\repository\com\fasterxml\jackson\module\jackson-module-parameter-names\2.15.3\jackson-module-parameter-names-2.15.3.jar;C:\Users\maric\.m2\repository\org\springframework\boot\spring-boot-starter-tomcat\3.2.2\spring-boot-starter-tomcat-3.2.2.jar;C:\Users\maric\.m2\repository\org\apache\tomcat\embed\tomcat-embed-core\10.1.18\tomcat-embed-core-10.1.18.jar;C:\Users\maric\.m2\repository\org\apache\tomcat\embed\tomcat-embed-el\10.1.18\tomcat-embed-el-10.1.18.jar;C:\Users\maric\.m2\repository\org\apache\tomcat\embed\tomcat-embed-websocket\10.1.18\tomcat-embed-websocket-10.1.18.jar;C:\Users\maric\.m2\repository\org\springframework\spring-web\6.1.3\spring-web-6.1.3.jar;C:\Users\maric\.m2\repository\io\micrometer\micrometer-observation\1.12.2\micrometer-observation-1.12.2.jar;C:\Users\maric\.m2\repository\io\micrometer\micrometer-commons\1.12.2\micrometer-commons-1.12.2.jar;C:\Users\maric\.m2\repository\org\springframework\spring-webmvc\6.1.3\spring-webmvc-6.1.3.jar;C:\Users\maric\.m2\repository\org\springframework\spring-expression\6.1.3\spring-expression-6.1.3.jar;C:\Users\maric\.m2\repository\org\postgresql\postgresql\42.6.0\postgresql-42.6.0.jar;C:\Users\maric\.m2\repository\org\checkerframework\checker-qual\3.31.0\checker-qual-3.31.0.jar;C:\Users\maric\.m2\repository\jakarta\xml\bind\jakarta.xml.bind-api\4.0.1\jakarta.xml.bind-api-4.0.1.jar;C:\Users\maric\.m2\repository\jakarta\activation\jakarta.activation-api\2.1.2\jakarta.activation-api-2.1.2.jar;C:\Users\maric\.m2\repository\org\springframework\spring-core\6.1.3\spring-core-6.1.3.jar;C:\Users\maric\.m2\repository\org\springframework\spring-jcl\6.1.3\spring-jcl-6.1.3.jar;C:\Users\maric\.m2\repository\org\springdoc\springdoc-openapi-starter-webmvc-ui\2.0.3\springdoc-openapi-starter-webmvc-ui-2.0.3.jar;C:\Users\maric\.m2\repository\org\springdoc\springdoc-openapi-starter-webmvc-api\2.0.3\springdoc-openapi-starter-webmvc-api-2.0.3.jar;C:\Users\maric\.m2\repository\org\springdoc\springdoc-openapi-starter-common\2.0.3\springdoc-openapi-starter-common-2.0.3.jar;C:\Users\maric\.m2\repository\io\swagger\core\v3\swagger-core-jakarta\2.2.8\swagger-core-jakarta-2.2.8.jar;C:\Users\maric\.m2\repository\org\apache\commons\commons-lang3\3.13.0\commons-lang3-3.13.0.jar;C:\Users\maric\.m2\repository\io\swagger\core\v3\swagger-annotations-jakarta\2.2.8\swagger-annotations-jakarta-2.2.8.jar;C:\Users\maric\.m2\repository\io\swagger\core\v3\swagger-models-jakarta\2.2.8\swagger-models-jakarta-2.2.8.jar;C:\Users\maric\.m2\repository\jakarta\validation\jakarta.validation-api\3.0.2\jakarta.validation-api-3.0.2.jar;C:\Users\maric\.m2\repository\com\fasterxml\jackson\dataformat\jackson-dataformat-yaml\2.15.3\jackson-dataformat-yaml-2.15.3.jar;C:\Users\maric\.m2\repository\org\webjars\swagger-ui\4.17.1\swagger-ui-4.17.1.jar;C:\Users\maric\.m2\repository\org\webjars\webjars-locator-core\0.55\webjars-locator-core-0.55.jar;C:\Users\maric\.m2\repository\io\github\classgraph\classgraph\4.8.149\classgraph-4.8.149.jar
Launcher Type: SUN_STANDARD

[Global flags]
     intx CICompilerCount                          = 4                                         {product} {ergonomic}
     uint ConcGCThreads                            = 3                                         {product} {ergonomic}
     uint G1ConcRefinementThreads                  = 10                                        {product} {ergonomic}
   size_t G1HeapRegionSize                         = 2097152                                   {product} {ergonomic}
    uintx GCDrainStackTargetSize                   = 64                                        {product} {ergonomic}
   size_t InitialHeapSize                          = 266338304                                 {product} {ergonomic}
   size_t MarkStackSize                            = 4194304                                   {product} {ergonomic}
   size_t MaxHeapSize                              = 4244635648                                {product} {ergonomic}
   size_t MaxNewSize                               = 2545942528                                {product} {ergonomic}
   size_t MinHeapDeltaBytes                        = 2097152                                   {product} {ergonomic}
   size_t MinHeapSize                              = 8388608                                   {product} {ergonomic}
    uintx NonNMethodCodeHeapSize                   = 5839372                                {pd product} {ergonomic}
    uintx NonProfiledCodeHeapSize                  = 122909434                              {pd product} {ergonomic}
    uintx ProfiledCodeHeapSize                     = 122909434                              {pd product} {ergonomic}
    uintx ReservedCodeCacheSize                    = 251658240                              {pd product} {ergonomic}
     bool SegmentedCodeCache                       = true                                      {product} {ergonomic}
   size_t SoftMaxHeapSize                          = 4244635648                             {manageable} {ergonomic}
     bool UseCompressedOops                        = true                           {product lp64_product} {ergonomic}
     bool UseG1GC                                  = true                                      {product} {ergonomic}
     bool UseLargePagesIndividualAllocation        = false                                  {pd product} {ergonomic}

Logging:
Log output configuration:
 #0: stdout all=warning uptime,level,tags foldmultilines=false
 #1: stderr all=off uptime,level,tags foldmultilines=false

Environment Variables:
PATH=C:\Program Files\Eclipse Adoptium\jdk-11.0.16.101-hotspot\bin;C:\Program Files\Common Files\Oracle\Java\javapath;C:\windows\system32;C:\windows;C:\windows\System32\Wbem;C:\windows\System32\WindowsPowerShell\v1.0\;C:\windows\System32\OpenSSH\;C:\Program Files (x86)\NVIDIA Corporation\PhysX\Common;C:\Program Files\NVIDIA Corporation\NVIDIA NvDLISR;C:\WINDOWS\system32;C:\WINDOWS;C:\WINDOWS\System32\Wbem;C:\WINDOWS\System32\WindowsPowerShell\v1.0\;C:\WINDOWS\System32\OpenSSH\;C:\Users\cjvas\AppData\Roaming\nvm;C:\Program Files\nodejs;C:\Program Files\Microsoft VS Code\bin;C:\Program Files (x86)\Yarn\bin\;D:\flutter\bin;C:\Program Files\Terraform;C:\wamp64\bin\mysql\mysql5.7.31\bin;C:\Program Files\Git\cmd;C:\Program Files\Git\mingw64\bin;C:\Program Files\Git\usr\bin;C:\Program Files\GitHub CLI\;C:\ProgramData\chocolatey\bin;C:\Program Files\MySQL\MySQL Utilities 1.6\;C:\xampp\php;C:\ProgramData\ComposerSetup\bin;C:\Users\maric\xampp\php;C:\Program Files\nodejs\;C:\Users\maric\AppData\Local\Microsoft\WindowsApps;C:\Users\cjvas\AppData\Roaming\nvm;C:\Program Files\nodejs;C:\Users\maric\AppData\Roaming\Composer\vendor\bin;C:\Users\maric\AppData\Roaming\npm
USERNAME=maric
OS=Windows_NT
PROCESSOR_IDENTIFIER=Intel64 Family 6 Model 158 Stepping 13, GenuineIntel
TMP=C:\Users\maric\AppData\Local\Temp
TEMP=C:\Users\maric\AppData\Local\Temp




Periodic native trim disabled

---------------  S Y S T E M  ---------------

OS:
 Windows 10 , 64 bit Build 19041 (10.0.19041.3636)
OS uptime: 0 days 6:42 hours
Hyper-V role detected

CPU: total 12 (initial active 12) (6 cores per cpu, 2 threads per core) family 6 model 158 stepping 13 microcode 0xde, cx8, cmov, fxsr, ht, mmx, 3dnowpref, sse, sse2, sse3, ssse3, sse4.1, sse4.2, popcnt, lzcnt, tsc, tscinvbit, avx, avx2, aes, erms, clmul, bmi1, bmi2, adx, fma, vzeroupper, clflush, clflushopt, hv, rdtscp, f16c
Processor Information for all 12 processors :
  Max Mhz: 2592, Current Mhz: 2592, Mhz Limit: 2592

Memory: 4k page, system-wide physical 16191M (2523M free)
TotalPageFile size 25176M (AvailPageFile size 18M)
current process WorkingSet (physical memory assigned to process): 312M, peak: 342M
current process commit charge ("private bytes"): 441M, peak: 473M

vm_info: OpenJDK 64-Bit Server VM (21.0.2+13-58) for windows-amd64 JRE (21.0.2+13-58), built on 2024-01-05T18:32:24Z by "mach5one" with MS VC++ 17.1 (VS2022)

END.
